[2025-11-30 20:11:25] Loaded 5 participant accounts from file.
[2025-11-30 20:11:25] Survey completed and saved for participant: Test User | Game=Valorant | Role=Attacker | Score=84 | Type=Leader
[2025-11-30 20:11:25] Loaded 5 participant accounts from file.
[2025-11-30 20:11:25] Survey skipped (already completed) for participant: Existing User
[2025-11-30 20:11:32] Loaded 5 participant accounts from file.
[2025-11-30 20:11:32] Organizer login FAILED for username=admin
[2025-11-30 20:11:32] Loaded 5 participant accounts from file.
[2025-11-30 20:11:32] Loaded 5 participant accounts from file.
[2025-11-30 20:11:32] Organizer login FAILED for username=admin
[2025-11-30 20:11:32] Loaded 5 participant accounts from file.
[2025-11-30 20:11:32] Loaded 5 participant accounts from file.
[2025-11-30 20:11:32] Loaded 5 participant accounts from file.
[2025-11-30 20:11:32] Loaded 5 participant accounts from file.
[2025-11-30 20:11:32] Loaded 5 participant accounts from file.
[2025-11-30 20:16:19] No existing participant accounts file found.
[2025-11-30 20:16:20] Loaded 5 participant accounts from file.
[2025-11-30 20:16:20] Organizer login FAILED for username=admin
[2025-11-30 20:16:20] No existing participant accounts file found.
[2025-11-30 20:16:20] Loaded 5 participant accounts from file.
[2025-11-30 20:16:20] No existing participant accounts file found.
[2025-11-30 20:16:20] Loaded 5 participant accounts from file.
[2025-11-30 20:16:20] Organizer login FAILED for username=admin
[2025-11-30 20:16:20] No existing participant accounts file found.
[2025-11-30 20:16:20] Loaded 5 participant accounts from file.
[2025-11-30 20:16:20] No existing participant accounts file found.
[2025-11-30 20:16:20] Loaded 5 participant accounts from file.
[2025-11-30 20:16:20] No existing participant accounts file found.
[2025-11-30 20:16:20] Loaded 5 participant accounts from file.
[2025-11-30 20:16:20] No existing participant accounts file found.
[2025-11-30 20:16:20] Loaded 5 participant accounts from file.
[2025-11-30 20:16:20] No existing participant accounts file found.
[2025-11-30 20:16:20] Loaded 5 participant accounts from file.
[2025-11-30 20:16:35] No existing participant accounts file found.
[2025-11-30 20:16:35] Loaded 5 participant accounts from file.
[2025-11-30 20:17:06] Loaded 0 participant accounts from file.
[2025-11-30 20:17:06] Loaded 5 participant accounts from file.
[2025-11-30 20:17:28] No existing participant accounts file found.
[2025-11-30 20:17:28] Loaded 5 participant accounts from file.
[2025-11-30 20:17:28] Organizer login FAILED for username=admin
[2025-11-30 20:17:28] No existing participant accounts file found.
[2025-11-30 20:17:28] Loaded 5 participant accounts from file.
[2025-11-30 20:17:28] No existing participant accounts file found.
[2025-11-30 20:17:28] Loaded 5 participant accounts from file.
[2025-11-30 20:17:28] Organizer login FAILED for username=admin
[2025-11-30 20:17:28] No existing participant accounts file found.
[2025-11-30 20:17:28] Loaded 5 participant accounts from file.
[2025-11-30 20:17:28] No existing participant accounts file found.
[2025-11-30 20:17:28] Loaded 5 participant accounts from file.
[2025-11-30 20:17:28] No existing participant accounts file found.
[2025-11-30 20:17:28] Loaded 5 participant accounts from file.
[2025-11-30 20:17:28] No existing participant accounts file found.
[2025-11-30 20:17:28] Loaded 5 participant accounts from file.
[2025-11-30 20:17:28] No existing participant accounts file found.
[2025-11-30 20:17:28] Loaded 5 participant accounts from file.
[2025-11-30 20:18:03] No existing participant accounts file found.
[2025-11-30 20:18:03] Loaded 5 participant accounts from file.
[2025-11-30 20:18:29] No existing participant accounts file found.
[2025-11-30 20:18:29] Loaded 5 participant accounts from file.
[2025-11-30 20:18:29] Organizer login FAILED for username=admin
[2025-11-30 20:18:29] No existing participant accounts file found.
[2025-11-30 20:18:29] Loaded 5 participant accounts from file.
[2025-11-30 20:18:29] No existing participant accounts file found.
[2025-11-30 20:18:29] Loaded 5 participant accounts from file.
[2025-11-30 20:18:29] Organizer login FAILED for username=admin
[2025-11-30 20:18:29] No existing participant accounts file found.
[2025-11-30 20:18:29] Loaded 5 participant accounts from file.
[2025-11-30 20:18:29] No existing participant accounts file found.
[2025-11-30 20:18:29] Loaded 5 participant accounts from file.
[2025-11-30 20:18:29] No existing participant accounts file found.
[2025-11-30 20:18:29] Loaded 5 participant accounts from file.
[2025-11-30 20:18:29] No existing participant accounts file found.
[2025-11-30 20:18:29] Loaded 5 participant accounts from file.
[2025-11-30 20:18:29] No existing participant accounts file found.
[2025-11-30 20:18:29] Loaded 5 participant accounts from file.
[2025-11-30 20:24:06] No existing participant accounts file found.
[2025-11-30 20:24:06] Loaded 5 participant accounts from file.
[2025-11-30 20:24:06] Organizer login FAILED for username=admin
[2025-11-30 20:42:08] No existing participant accounts file found.
[2025-11-30 20:42:08] Loaded 5 participant accounts from file.
[2025-11-30 20:42:08] Organizer login FAILED for username=admin
[2025-11-30 20:42:09] No existing participant accounts file found.
[2025-11-30 20:42:09] Loaded 5 participant accounts from file.
[2025-11-30 20:42:09] No existing participant accounts file found.
[2025-11-30 20:42:09] Loaded 5 participant accounts from file.
[2025-11-30 20:42:09] Organizer login FAILED for username=admin
[2025-11-30 20:42:09] No existing participant accounts file found.
[2025-11-30 20:42:09] Loaded 5 participant accounts from file.
[2025-11-30 20:42:09] No existing participant accounts file found.
[2025-11-30 20:42:09] Loaded 5 participant accounts from file.
[2025-11-30 20:42:09] No existing participant accounts file found.
[2025-11-30 20:42:09] Loaded 5 participant accounts from file.
[2025-11-30 20:42:09] No existing participant accounts file found.
[2025-11-30 20:42:09] Loaded 5 participant accounts from file.
[2025-11-30 20:42:09] No existing participant accounts file found.
[2025-11-30 20:42:09] Loaded 5 participant accounts from file.
[2025-11-30 20:46:28] No existing participant accounts file found.
[2025-11-30 20:46:28] Loaded 5 participant accounts from file.
[2025-11-30 20:46:28] Organizer login FAILED for username=admin
[2025-11-30 20:46:28] No existing participant accounts file found.
[2025-11-30 20:46:28] Loaded 5 participant accounts from file.
[2025-11-30 20:46:28] No existing participant accounts file found.
[2025-11-30 20:46:28] Loaded 5 participant accounts from file.
[2025-11-30 20:46:28] Organizer login FAILED for username=admin
[2025-11-30 20:46:28] No existing participant accounts file found.
[2025-11-30 20:46:28] Loaded 5 participant accounts from file.
[2025-11-30 20:46:28] No existing participant accounts file found.
[2025-11-30 20:46:28] Loaded 5 participant accounts from file.
[2025-11-30 20:46:28] No existing participant accounts file found.
[2025-11-30 20:46:28] Loaded 5 participant accounts from file.
[2025-11-30 20:46:28] No existing participant accounts file found.
[2025-11-30 20:46:28] Loaded 5 participant accounts from file.
[2025-11-30 20:46:28] No existing participant accounts file found.
[2025-11-30 20:46:28] Loaded 5 participant accounts from file.
[2025-11-30 20:52:19] Loaded 6 participant accounts from file.
[2025-11-30 20:52:19] Organizer login FAILED for username=admin
[2025-11-30 20:52:19] Loaded 6 participant accounts from file.
[2025-11-30 20:52:19] Participant signup success: username=john, id=P101, email=user101@university.edu
[2025-11-30 20:52:19] Loaded 6 participant accounts from file.
[2025-11-30 20:52:19] Organizer login success for username=admin
[2025-11-30 20:52:19] Loaded 6 participant accounts from file.
[2025-11-30 20:52:19] Loaded 6 participant accounts from file.
[2025-11-30 20:52:19] Participant signup success: username=john, id=P101, email=user101@university.edu
[2025-11-30 20:52:19] All participant accounts saved to file (with IDs and survey data).
[2025-11-30 20:52:19] Loaded 6 participant accounts from file.
[2025-11-30 20:52:19] Participant signup success: username=john, id=P101, email=user101@university.edu
[2025-11-30 20:52:19] Participant login success: username=john
[2025-11-30 20:52:19] Loaded 6 participant accounts from file.
[2025-11-30 20:52:19] Participant signup success: username=john, id=P101, email=user101@university.edu
[2025-11-30 20:52:19] Participant login FAILED for username=john
[2025-11-30 20:52:19] Loaded 6 participant accounts from file.
[2025-11-30 20:53:08] Loaded 4 participant accounts from file.
[2025-11-30 20:53:08] Organizer login FAILED for username=admin
[2025-11-30 20:53:08] Loaded 4 participant accounts from file.
[2025-11-30 20:53:08] Participant signup success: username=john, id=P101, email=user101@university.edu
[2025-11-30 20:53:08] Loaded 4 participant accounts from file.
[2025-11-30 20:53:08] Organizer login success for username=admin
[2025-11-30 20:53:08] Loaded 4 participant accounts from file.
[2025-11-30 20:53:08] Loaded 4 participant accounts from file.
[2025-11-30 20:53:08] Participant signup success: username=john, id=P101, email=user101@university.edu
[2025-11-30 20:53:08] All participant accounts saved to file (with IDs and survey data).
[2025-11-30 20:53:08] Loaded 4 participant accounts from file.
[2025-11-30 20:53:08] Participant signup success: username=john, id=P101, email=user101@university.edu
[2025-11-30 20:53:08] Participant login success: username=john
[2025-11-30 20:53:08] Loaded 4 participant accounts from file.
[2025-11-30 20:53:08] Participant signup success: username=john, id=P101, email=user101@university.edu
[2025-11-30 20:53:08] Participant login FAILED for username=john
[2025-11-30 20:53:08] Loaded 4 participant accounts from file.
[2025-11-30 20:54:21] Loaded 4 participant accounts from file.
[2025-11-30 20:54:21] Organizer login FAILED for username=admin
[2025-11-30 20:54:21] Loaded 4 participant accounts from file.
[2025-11-30 20:54:21] Participant signup success: username=john, id=P101, email=user101@university.edu
[2025-11-30 20:54:21] Loaded 4 participant accounts from file.
[2025-11-30 20:54:21] Organizer login success for username=admin
[2025-11-30 20:54:21] Loaded 4 participant accounts from file.
[2025-11-30 20:54:21] Loaded 4 participant accounts from file.
[2025-11-30 20:54:21] Participant signup success: username=john, id=P101, email=user101@university.edu
[2025-11-30 20:54:21] All participant accounts saved to file (with IDs and survey data).
[2025-11-30 20:54:21] Loaded 4 participant accounts from file.
[2025-11-30 20:54:21] Participant signup success: username=john, id=P101, email=user101@university.edu
[2025-11-30 20:54:21] Participant login success: username=john
[2025-11-30 20:54:21] Loaded 4 participant accounts from file.
[2025-11-30 20:54:21] Participant signup success: username=john, id=P101, email=user101@university.edu
[2025-11-30 20:54:21] Participant login FAILED for username=john
[2025-11-30 20:54:21] Loaded 4 participant accounts from file.
[2025-11-30 20:57:32] CSV load finished with 2 participants from C:\Users\thiru\AppData\Local\Temp\participants_test17332671426871749561.csv
[2025-11-30 20:57:32] Teams saved to CSV: src\teammate\TeamMembers\teams_20251130_205732.csv (teams=1)
[2025-11-30 20:57:38] Loaded 4 participant accounts from file.
[2025-11-30 20:57:38] Survey completed and saved for participant: Test User | Game=Valorant | Role=Attacker | Score=84 | Type=Leader
[2025-11-30 20:57:38] Loaded 4 participant accounts from file.
[2025-11-30 20:57:38] Survey skipped (already completed) for participant: Existing User
[2025-11-30 20:57:43] TeamBuilder: building teams. participants=6, teamSize=4
[2025-11-30 20:57:43] TeamBuilder: global average skill=5.0
[2025-11-30 20:57:43] Small team detected: Team 2 | size=2
[2025-11-30 20:57:43] TeamBuilder: fixing small teams (<3). Small teams=1
[2025-11-30 20:57:43] Redistributing members from small team: Team 2
[2025-11-30 20:57:43] Excluding team from candidate list: Team 2
[2025-11-30 20:57:43] Moving participant P2 from Team 2 to Team 1
[2025-11-30 20:57:43] Excluding team from candidate list: Team 2
[2025-11-30 20:57:43] Moving participant P3 from Team 2 to Team 1
[2025-11-30 20:57:43] TeamBuilder: after fixing, totalTeams=1
[2025-11-30 20:57:43] TeamBuilder: created 1 teams.
[2025-11-30 20:57:43] Team summary: Team 1 | size=6 | avgSkill=5.0 | games=1 | roles=1 | leaders=0 | thinkers=0 | balanced=6
[2025-11-30 20:57:43] TeamBuilder: building teams. participants=6, teamSize=3
[2025-11-30 20:57:43] TeamBuilder: global average skill=5.5
[2025-11-30 20:57:43] TeamBuilder: no small teams to fix (minSize=3).
[2025-11-30 20:57:43] TeamBuilder: created 2 teams.
[2025-11-30 20:57:43] Team summary: Team 1 | size=3 | avgSkill=6.0 | games=1 | roles=3 | leaders=0 | thinkers=0 | balanced=3
[2025-11-30 20:57:43] Team summary: Team 2 | size=3 | avgSkill=5.0 | games=1 | roles=2 | leaders=0 | thinkers=0 | balanced=3
[2025-11-30 20:57:44] TeamBuilder: building teams. participants=5, teamSize=4
[2025-11-30 20:57:44] TeamBuilder: global average skill=5.6
[2025-11-30 20:57:44] Small team detected: Team 1 | size=2
[2025-11-30 20:57:44] TeamBuilder: fixing small teams (<3). Small teams=1
[2025-11-30 20:57:44] Redistributing members from small team: Team 1
[2025-11-30 20:57:44] Excluding team from candidate list: Team 1
[2025-11-30 20:57:44] Moving participant C from Team 1 to Team 2
[2025-11-30 20:57:44] Excluding team from candidate list: Team 1
[2025-11-30 20:57:44] Moving participant D from Team 1 to Team 2
[2025-11-30 20:57:44] TeamBuilder: after fixing, totalTeams=1
[2025-11-30 20:57:44] TeamBuilder: created 1 teams.
[2025-11-30 20:57:44] Team summary: Team 2 | size=5 | avgSkill=5.6 | games=1 | roles=4 | leaders=0 | thinkers=0 | balanced=5
[2025-11-30 20:57:44] TeamBuilder: building teams. participants=5, teamSize=3
[2025-11-30 20:57:44] TeamBuilder: global average skill=5.0
[2025-11-30 20:57:44] Small team detected: Team 1 | size=2
[2025-11-30 20:57:44] TeamBuilder: fixing small teams (<3). Small teams=1
[2025-11-30 20:57:44] Redistributing members from small team: Team 1
[2025-11-30 20:57:44] Excluding team from candidate list: Team 1
[2025-11-30 20:57:44] Moving participant P5 from Team 1 to Team 2
[2025-11-30 20:57:44] Excluding team from candidate list: Team 1
[2025-11-30 20:57:44] Moving participant P2 from Team 1 to Team 2
[2025-11-30 20:57:44] TeamBuilder: after fixing, totalTeams=1
[2025-11-30 20:57:44] TeamBuilder: created 1 teams.
[2025-11-30 20:57:44] Team summary: Team 2 | size=5 | avgSkill=5.0 | games=1 | roles=1 | leaders=0 | thinkers=0 | balanced=5
[2025-11-30 20:57:44] TeamBuilder: no participants available to build teams.
[2025-11-30 20:57:44] TeamBuilder: building teams. participants=8, teamSize=4
[2025-11-30 20:57:44] TeamBuilder: global average skill=5.0
[2025-11-30 20:57:44] TeamBuilder: no small teams to fix (minSize=3).
[2025-11-30 20:57:44] TeamBuilder: created 2 teams.
[2025-11-30 20:57:44] Team summary: Team 1 | size=4 | avgSkill=5.0 | games=1 | roles=1 | leaders=0 | thinkers=4 | balanced=0
[2025-11-30 20:57:44] Team summary: Team 2 | size=4 | avgSkill=5.0 | games=1 | roles=1 | leaders=0 | thinkers=4 | balanced=0
[2025-11-30 20:57:44] TeamBuilder: building teams. participants=6, teamSize=4
[2025-11-30 20:57:44] TeamBuilder: global average skill=6.0
[2025-11-30 20:57:44] Small team detected: Team 1 | size=2
[2025-11-30 20:57:44] TeamBuilder: fixing small teams (<3). Small teams=1
[2025-11-30 20:57:44] Redistributing members from small team: Team 1
[2025-11-30 20:57:44] Excluding team from candidate list: Team 1
[2025-11-30 20:57:44] Moving participant L4 from Team 1 to Team 2
[2025-11-30 20:57:44] Excluding team from candidate list: Team 1
[2025-11-30 20:57:44] Moving participant L5 from Team 1 to Team 2
[2025-11-30 20:57:44] TeamBuilder: after fixing, totalTeams=1
[2025-11-30 20:57:44] TeamBuilder: created 1 teams.
[2025-11-30 20:57:44] Team summary: Team 2 | size=6 | avgSkill=6.0 | games=1 | roles=1 | leaders=6 | thinkers=0 | balanced=0
[2025-11-30 20:57:44] TeamBuilder: building teams. participants=10, teamSize=4
[2025-11-30 20:57:44] TeamBuilder: global average skill=5.5
[2025-11-30 20:57:44] TeamBuilder: no small teams to fix (minSize=3).
[2025-11-30 20:57:44] TeamBuilder: created 3 teams.
[2025-11-30 20:57:44] Team summary: Team 1 | size=4 | avgSkill=5.5 | games=2 | roles=2 | leaders=1 | thinkers=0 | balanced=3
[2025-11-30 20:57:44] Team summary: Team 2 | size=3 | avgSkill=5.666666666666667 | games=2 | roles=2 | leaders=0 | thinkers=0 | balanced=3
[2025-11-30 20:57:44] Team summary: Team 3 | size=3 | avgSkill=5.333333333333333 | games=2 | roles=2 | leaders=1 | thinkers=0 | balanced=2
[2025-11-30 20:57:44] Excluding team from candidate list: B
[2025-11-30 20:58:04] TeamBuilder: building teams. participants=6, teamSize=4
[2025-11-30 20:58:04] TeamBuilder: global average skill=5.0
[2025-11-30 20:58:04] Small team detected: Team 1 | size=2
[2025-11-30 20:58:04] TeamBuilder: fixing small teams (<3). Small teams=1
[2025-11-30 20:58:04] Redistributing members from small team: Team 1
[2025-11-30 20:58:04] Excluding team from candidate list: Team 1
[2025-11-30 20:58:04] Moving participant P2 from Team 1 to Team 2
[2025-11-30 20:58:04] Excluding team from candidate list: Team 1
[2025-11-30 20:58:04] Moving participant P6 from Team 1 to Team 2
[2025-11-30 20:58:04] TeamBuilder: after fixing, totalTeams=1
[2025-11-30 20:58:04] TeamBuilder: created 1 teams.
[2025-11-30 20:58:04] Team summary: Team 2 | size=6 | avgSkill=5.0 | games=1 | roles=1 | leaders=0 | thinkers=0 | balanced=6
[2025-11-30 20:58:56] TeamBuilder: building teams. participants=6, teamSize=4
[2025-11-30 20:58:56] TeamBuilder: global average skill=5.0
[2025-11-30 20:58:56] TeamBuilder: no small teams to fix (minSize=3).
[2025-11-30 20:58:56] TeamBuilder: created 2 teams.
[2025-11-30 20:58:56] Team summary: Team 1 | size=3 | avgSkill=5.0 | games=1 | roles=1 | leaders=0 | thinkers=0 | balanced=3
[2025-11-30 20:58:56] Team summary: Team 2 | size=3 | avgSkill=5.0 | games=1 | roles=1 | leaders=0 | thinkers=0 | balanced=3
[2025-11-30 20:59:01] TeamBuilder: building teams. participants=6, teamSize=4
[2025-11-30 20:59:01] TeamBuilder: global average skill=5.0
[2025-11-30 20:59:01] Small team detected: Team 1 | size=2
[2025-11-30 20:59:01] TeamBuilder: fixing small teams (<3). Small teams=1
[2025-11-30 20:59:01] Redistributing members from small team: Team 1
[2025-11-30 20:59:01] Excluding team from candidate list: Team 1
[2025-11-30 20:59:01] Moving participant P1 from Team 1 to Team 2
[2025-11-30 20:59:01] Excluding team from candidate list: Team 1
[2025-11-30 20:59:01] Moving participant P3 from Team 1 to Team 2
[2025-11-30 20:59:01] TeamBuilder: after fixing, totalTeams=1
[2025-11-30 20:59:01] TeamBuilder: created 1 teams.
[2025-11-30 20:59:01] Team summary: Team 2 | size=6 | avgSkill=5.0 | games=1 | roles=1 | leaders=0 | thinkers=0 | balanced=6
[2025-11-30 20:59:01] TeamBuilder: building teams. participants=6, teamSize=3
[2025-11-30 20:59:01] TeamBuilder: global average skill=5.5
[2025-11-30 20:59:01] TeamBuilder: no small teams to fix (minSize=3).
[2025-11-30 20:59:01] TeamBuilder: created 2 teams.
[2025-11-30 20:59:01] Team summary: Team 1 | size=3 | avgSkill=4.666666666666667 | games=1 | roles=2 | leaders=0 | thinkers=0 | balanced=3
[2025-11-30 20:59:01] Team summary: Team 2 | size=3 | avgSkill=6.333333333333333 | games=1 | roles=3 | leaders=0 | thinkers=0 | balanced=3
[2025-11-30 20:59:01] TeamBuilder: building teams. participants=5, teamSize=4
[2025-11-30 20:59:01] TeamBuilder: global average skill=5.6
[2025-11-30 20:59:01] Small team detected: Team 1 | size=2
[2025-11-30 20:59:01] TeamBuilder: fixing small teams (<3). Small teams=1
[2025-11-30 20:59:01] Redistributing members from small team: Team 1
[2025-11-30 20:59:01] Excluding team from candidate list: Team 1
[2025-11-30 20:59:01] Moving participant C from Team 1 to Team 2
[2025-11-30 20:59:01] Excluding team from candidate list: Team 1
[2025-11-30 20:59:01] Moving participant D from Team 1 to Team 2
[2025-11-30 20:59:01] TeamBuilder: after fixing, totalTeams=1
[2025-11-30 20:59:01] TeamBuilder: created 1 teams.
[2025-11-30 20:59:01] Team summary: Team 2 | size=5 | avgSkill=5.6 | games=1 | roles=4 | leaders=0 | thinkers=0 | balanced=5
[2025-11-30 20:59:01] TeamBuilder: building teams. participants=5, teamSize=3
[2025-11-30 20:59:01] TeamBuilder: global average skill=5.0
[2025-11-30 20:59:01] Small team detected: Team 1 | size=2
[2025-11-30 20:59:01] TeamBuilder: fixing small teams (<3). Small teams=1
[2025-11-30 20:59:01] Redistributing members from small team: Team 1
[2025-11-30 20:59:01] Excluding team from candidate list: Team 1
[2025-11-30 20:59:01] Moving participant P1 from Team 1 to Team 2
[2025-11-30 20:59:01] Excluding team from candidate list: Team 1
[2025-11-30 20:59:01] Moving participant P5 from Team 1 to Team 2
[2025-11-30 20:59:01] TeamBuilder: after fixing, totalTeams=1
[2025-11-30 20:59:01] TeamBuilder: created 1 teams.
[2025-11-30 20:59:01] Team summary: Team 2 | size=5 | avgSkill=5.0 | games=1 | roles=1 | leaders=0 | thinkers=0 | balanced=5
[2025-11-30 20:59:01] TeamBuilder: no participants available to build teams.
[2025-11-30 20:59:01] TeamBuilder: building teams. participants=8, teamSize=4
[2025-11-30 20:59:01] TeamBuilder: global average skill=5.0
[2025-11-30 20:59:01] TeamBuilder: no small teams to fix (minSize=3).
[2025-11-30 20:59:01] TeamBuilder: created 2 teams.
[2025-11-30 20:59:01] Team summary: Team 1 | size=4 | avgSkill=5.0 | games=1 | roles=1 | leaders=0 | thinkers=4 | balanced=0
[2025-11-30 20:59:01] Team summary: Team 2 | size=4 | avgSkill=5.0 | games=1 | roles=1 | leaders=0 | thinkers=4 | balanced=0
[2025-11-30 20:59:01] TeamBuilder: building teams. participants=6, teamSize=4
[2025-11-30 20:59:01] TeamBuilder: global average skill=6.0
[2025-11-30 20:59:01] TeamBuilder: no small teams to fix (minSize=3).
[2025-11-30 20:59:01] TeamBuilder: created 2 teams.
[2025-11-30 20:59:01] Team summary: Team 1 | size=3 | avgSkill=6.0 | games=1 | roles=1 | leaders=3 | thinkers=0 | balanced=0
[2025-11-30 20:59:01] Team summary: Team 2 | size=3 | avgSkill=6.0 | games=1 | roles=1 | leaders=3 | thinkers=0 | balanced=0
[2025-11-30 20:59:01] TeamBuilder: building teams. participants=10, teamSize=4
[2025-11-30 20:59:01] TeamBuilder: global average skill=5.5
[2025-11-30 20:59:01] TeamBuilder: no small teams to fix (minSize=3).
[2025-11-30 20:59:01] TeamBuilder: created 3 teams.
[2025-11-30 20:59:01] Team summary: Team 1 | size=3 | avgSkill=5.666666666666667 | games=2 | roles=2 | leaders=0 | thinkers=0 | balanced=3
[2025-11-30 20:59:01] Team summary: Team 2 | size=4 | avgSkill=5.5 | games=2 | roles=2 | leaders=1 | thinkers=0 | balanced=3
[2025-11-30 20:59:01] Team summary: Team 3 | size=3 | avgSkill=5.333333333333333 | games=2 | roles=2 | leaders=1 | thinkers=0 | balanced=2
[2025-11-30 20:59:01] Excluding team from candidate list: B
