[2025-11-29 14:29:39] Loaded 7 participant accounts from file.
[2025-11-29 14:29:39] Application started
[2025-11-29 14:30:14] Loaded 7 participant accounts from file.
[2025-11-29 14:30:14] Application started
[2025-11-29 14:30:25] Organizer login success for username=organizer
[2025-11-29 14:30:25] Organizer logged in
[2025-11-29 14:31:21] CSV load finished with 100 participants from C:\Users\thiru\OneDrive\Documents\Stage 2\SEM 1\OOP\Coursework2601\src\teammate\auth\participants_sample.csv
[2025-11-29 14:31:21] Organizer loaded 100 participants from CSV: C:\Users\thiru\OneDrive\Documents\Stage 2\SEM 1\OOP\Coursework2601\src\teammate\auth\participants_sample.csv
[2025-11-29 14:31:30] Starting TeamFormationTask via ExecutorService. teamSize=6
[2025-11-29 14:31:30] TeamFormationTask START. participants=100, teamSize=6
[2025-11-29 14:31:30] TeamBuilder: building teams. participants=100, teamSize=6
[2025-11-29 14:31:30] TeamBuilder: global average skill=5.56
[2025-11-29 14:31:30] TeamBuilder: no small teams to fix (minSize=3).
[2025-11-29 14:31:30] TeamBuilder: created 17 teams.
[2025-11-29 14:31:30] Team summary: Team 1 | size=6 | avgSkill=5.166666666666667 | games=6 | roles=4 | leaders=2 | thinkers=3 | balanced=1
[2025-11-29 14:31:30] Team summary: Team 2 | size=6 | avgSkill=5.666666666666667 | games=5 | roles=5 | leaders=2 | thinkers=2 | balanced=2
[2025-11-29 14:31:30] Team summary: Team 3 | size=6 | avgSkill=5.5 | games=5 | roles=5 | leaders=2 | thinkers=2 | balanced=2
[2025-11-29 14:31:30] Team summary: Team 4 | size=6 | avgSkill=5.166666666666667 | games=6 | roles=5 | leaders=2 | thinkers=2 | balanced=2
[2025-11-29 14:31:30] Team summary: Team 5 | size=6 | avgSkill=5.666666666666667 | games=6 | roles=5 | leaders=2 | thinkers=1 | balanced=3
[2025-11-29 14:31:30] Team summary: Team 6 | size=6 | avgSkill=5.0 | games=6 | roles=5 | leaders=2 | thinkers=2 | balanced=2
[2025-11-29 14:31:30] Team summary: Team 7 | size=6 | avgSkill=5.5 | games=5 | roles=5 | leaders=1 | thinkers=2 | balanced=3
[2025-11-29 14:31:30] Team summary: Team 8 | size=6 | avgSkill=5.0 | games=5 | roles=5 | leaders=2 | thinkers=2 | balanced=2
[2025-11-29 14:31:30] Team summary: Team 9 | size=6 | avgSkill=5.5 | games=5 | roles=5 | leaders=2 | thinkers=1 | balanced=3
[2025-11-29 14:31:30] Team summary: Team 10 | size=5 | avgSkill=6.4 | games=4 | roles=5 | leaders=2 | thinkers=2 | balanced=1
[2025-11-29 14:31:30] Team summary: Team 11 | size=6 | avgSkill=5.5 | games=5 | roles=5 | leaders=2 | thinkers=2 | balanced=2
[2025-11-29 14:31:30] Team summary: Team 12 | size=6 | avgSkill=5.0 | games=5 | roles=5 | leaders=2 | thinkers=2 | balanced=2
[2025-11-29 14:31:30] Team summary: Team 13 | size=6 | avgSkill=6.166666666666667 | games=6 | roles=5 | leaders=2 | thinkers=2 | balanced=2
[2025-11-29 14:31:30] Team summary: Team 14 | size=6 | avgSkill=5.5 | games=5 | roles=5 | leaders=3 | thinkers=2 | balanced=1
[2025-11-29 14:31:30] Team summary: Team 15 | size=6 | avgSkill=5.666666666666667 | games=5 | roles=5 | leaders=2 | thinkers=2 | balanced=2
[2025-11-29 14:31:30] Team summary: Team 16 | size=6 | avgSkill=6.0 | games=5 | roles=5 | leaders=2 | thinkers=2 | balanced=2
[2025-11-29 14:31:30] Team summary: Team 17 | size=5 | avgSkill=6.4 | games=5 | roles=4 | leaders=2 | thinkers=2 | balanced=1
[2025-11-29 14:31:30] TeamFormationTask END. teamsFormed=17
[2025-11-29 14:31:30] Teams formed: 17 with team size 6
[2025-11-29 14:32:34] Update cancelled for participant: Participant_70
