[2025-11-28 23:00:54] CSV load finished with 100 participants from C:\Users\thiru\OneDrive\Documents\Stage 2\SEM 1\OOP\Coursework2601\src\teammate\auth\participants_sample.csv
[2025-11-28 23:00:54] Organizer loaded 100 participants from CSV: C:\Users\thiru\OneDrive\Documents\Stage 2\SEM 1\OOP\Coursework2601\src\teammate\auth\participants_sample.csv
[2025-11-28 23:01:04] Starting TeamFormationThread. teamSize=6
[2025-11-28 23:01:04] TeamFormationTask START. participants=100, teamSize=6
[2025-11-28 23:01:04] TeamBuilder: building teams. participants=100, teamSize=6
[2025-11-28 23:01:04] TeamBuilder split: Leaders=34, Thinkers=33, Balanced=50
[2025-11-28 23:01:04] TeamBuilder: created 17 teams.
[2025-11-28 23:01:04] TeamFormationTask END. teamsFormed=17
[2025-11-28 23:01:04] Teams formed: 17 with team size 6
[2025-11-28 23:18:58] Loaded 7 participant accounts from file.
[2025-11-28 23:18:59] Application started
[2025-11-28 23:19:08] Organizer login success for username=organizer
[2025-11-28 23:19:08] Organizer logged in
[2025-11-28 23:19:16] CSV load finished with 100 participants from C:\Users\thiru\OneDrive\Documents\Stage 2\SEM 1\OOP\Coursework2601\src\teammate\auth\participants_sample.csv
[2025-11-28 23:19:16] Organizer loaded 100 participants from CSV: C:\Users\thiru\OneDrive\Documents\Stage 2\SEM 1\OOP\Coursework2601\src\teammate\auth\participants_sample.csv
[2025-11-28 23:19:23] Starting TeamFormationThread. teamSize=5
[2025-11-28 23:19:23] TeamFormationTask START. participants=100, teamSize=5
[2025-11-28 23:19:23] TeamBuilder: building teams. participants=100, teamSize=5
[2025-11-28 23:19:23] TeamBuilder: global average skill=5.56
[2025-11-28 23:19:23] TeamBuilder: created 20 teams.
[2025-11-28 23:19:23] Team summary: Team 1 | size=5 | avgSkill=5.2 | games=4 | roles=4 | leaders=1 | thinkers=2 | balanced=2
[2025-11-28 23:19:23] Team summary: Team 2 | size=5 | avgSkill=5.2 | games=4 | roles=4 | leaders=2 | thinkers=2 | balanced=1
[2025-11-28 23:19:23] Team summary: Team 3 | size=5 | avgSkill=5.8 | games=5 | roles=5 | leaders=1 | thinkers=1 | balanced=3
[2025-11-28 23:19:23] Team summary: Team 4 | size=5 | avgSkill=5.8 | games=5 | roles=5 | leaders=1 | thinkers=1 | balanced=3
[2025-11-28 23:19:23] Team summary: Team 5 | size=5 | avgSkill=5.2 | games=5 | roles=5 | leaders=2 | thinkers=1 | balanced=2
[2025-11-28 23:19:23] Team summary: Team 6 | size=5 | avgSkill=5.4 | games=5 | roles=4 | leaders=1 | thinkers=2 | balanced=2
[2025-11-28 23:19:23] Team summary: Team 7 | size=5 | avgSkill=5.8 | games=5 | roles=5 | leaders=2 | thinkers=2 | balanced=1
[2025-11-28 23:19:23] Team summary: Team 8 | size=5 | avgSkill=5.4 | games=5 | roles=5 | leaders=2 | thinkers=2 | balanced=1
[2025-11-28 23:19:23] Team summary: Team 9 | size=5 | avgSkill=5.6 | games=5 | roles=4 | leaders=2 | thinkers=2 | balanced=1
[2025-11-28 23:19:23] Team summary: Team 10 | size=5 | avgSkill=5.6 | games=4 | roles=5 | leaders=2 | thinkers=1 | balanced=2
[2025-11-28 23:19:23] Team summary: Team 11 | size=5 | avgSkill=5.2 | games=5 | roles=5 | leaders=2 | thinkers=2 | balanced=1
[2025-11-28 23:19:23] Team summary: Team 12 | size=5 | avgSkill=5.8 | games=5 | roles=5 | leaders=2 | thinkers=2 | balanced=1
[2025-11-28 23:19:23] Team summary: Team 13 | size=5 | avgSkill=6.4 | games=4 | roles=4 | leaders=2 | thinkers=1 | balanced=2
[2025-11-28 23:19:23] Team summary: Team 14 | size=5 | avgSkill=5.6 | games=5 | roles=4 | leaders=2 | thinkers=1 | balanced=2
[2025-11-28 23:19:23] Team summary: Team 15 | size=5 | avgSkill=5.8 | games=5 | roles=5 | leaders=2 | thinkers=2 | balanced=1
[2025-11-28 23:19:23] Team summary: Team 16 | size=5 | avgSkill=5.8 | games=4 | roles=5 | leaders=2 | thinkers=1 | balanced=2
[2025-11-28 23:19:23] Team summary: Team 17 | size=5 | avgSkill=5.8 | games=5 | roles=5 | leaders=1 | thinkers=2 | balanced=2
[2025-11-28 23:19:23] Team summary: Team 18 | size=5 | avgSkill=5.6 | games=5 | roles=5 | leaders=2 | thinkers=2 | balanced=1
[2025-11-28 23:19:23] Team summary: Team 19 | size=5 | avgSkill=5.4 | games=5 | roles=3 | leaders=2 | thinkers=2 | balanced=1
[2025-11-28 23:19:23] Team summary: Team 20 | size=5 | avgSkill=4.8 | games=5 | roles=4 | leaders=1 | thinkers=2 | balanced=2
[2025-11-28 23:19:23] TeamFormationTask END. teamsFormed=20
[2025-11-28 23:19:23] Teams formed: 20 with team size 5
[2025-11-28 23:19:32] Starting TeamFormationThread. teamSize=6
[2025-11-28 23:19:32] TeamFormationTask START. participants=100, teamSize=6
[2025-11-28 23:19:32] TeamBuilder: building teams. participants=100, teamSize=6
[2025-11-28 23:19:32] TeamBuilder: global average skill=5.56
[2025-11-28 23:19:32] TeamBuilder: created 17 teams.
[2025-11-28 23:19:32] Team summary: Team 1 | size=6 | avgSkill=5.666666666666667 | games=5 | roles=5 | leaders=2 | thinkers=2 | balanced=2
[2025-11-28 23:19:32] Team summary: Team 2 | size=6 | avgSkill=5.5 | games=6 | roles=5 | leaders=2 | thinkers=2 | balanced=2
[2025-11-28 23:19:32] Team summary: Team 3 | size=5 | avgSkill=5.6 | games=4 | roles=5 | leaders=2 | thinkers=2 | balanced=1
[2025-11-28 23:19:32] Team summary: Team 4 | size=6 | avgSkill=6.166666666666667 | games=5 | roles=5 | leaders=2 | thinkers=2 | balanced=2
[2025-11-28 23:19:32] Team summary: Team 5 | size=6 | avgSkill=5.666666666666667 | games=6 | roles=5 | leaders=2 | thinkers=1 | balanced=3
[2025-11-28 23:19:32] Team summary: Team 6 | size=6 | avgSkill=5.333333333333333 | games=5 | roles=4 | leaders=2 | thinkers=2 | balanced=2
[2025-11-28 23:19:32] Team summary: Team 7 | size=6 | avgSkill=5.333333333333333 | games=5 | roles=5 | leaders=3 | thinkers=2 | balanced=1
[2025-11-28 23:19:32] Team summary: Team 8 | size=5 | avgSkill=6.2 | games=5 | roles=5 | leaders=2 | thinkers=2 | balanced=1
[2025-11-28 23:19:32] Team summary: Team 9 | size=6 | avgSkill=5.833333333333333 | games=5 | roles=5 | leaders=2 | thinkers=2 | balanced=2
[2025-11-28 23:19:32] Team summary: Team 10 | size=6 | avgSkill=6.5 | games=6 | roles=5 | leaders=1 | thinkers=1 | balanced=4
[2025-11-28 23:19:32] Team summary: Team 11 | size=6 | avgSkill=5.0 | games=5 | roles=5 | leaders=3 | thinkers=2 | balanced=1
[2025-11-28 23:19:32] Team summary: Team 12 | size=6 | avgSkill=4.833333333333333 | games=6 | roles=4 | leaders=2 | thinkers=2 | balanced=2
[2025-11-28 23:19:32] Team summary: Team 13 | size=6 | avgSkill=5.333333333333333 | games=5 | roles=5 | leaders=2 | thinkers=2 | balanced=2
[2025-11-28 23:19:32] Team summary: Team 14 | size=6 | avgSkill=5.333333333333333 | games=6 | roles=5 | leaders=2 | thinkers=2 | balanced=2
[2025-11-28 23:19:32] Team summary: Team 15 | size=6 | avgSkill=5.333333333333333 | games=4 | roles=5 | leaders=2 | thinkers=2 | balanced=2
[2025-11-28 23:19:32] Team summary: Team 16 | size=6 | avgSkill=5.5 | games=5 | roles=4 | leaders=1 | thinkers=3 | balanced=2
[2025-11-28 23:19:32] Team summary: Team 17 | size=6 | avgSkill=5.5 | games=4 | roles=5 | leaders=2 | thinkers=2 | balanced=2
[2025-11-28 23:19:32] TeamFormationTask END. teamsFormed=17
[2025-11-28 23:19:32] Teams formed: 17 with team size 6
[2025-11-28 23:20:03] Teams saved to CSV: src\teammate\TeamMembers\teams_20251128_232003.csv (teams=17)
[2025-11-28 23:20:03] Teams exported to CSV: src\teammate\TeamMembers\teams_20251128_232003.csv
[2025-11-28 23:22:06] Starting TeamFormationThread. teamSize=3
[2025-11-28 23:22:06] TeamFormationTask START. participants=100, teamSize=3
[2025-11-28 23:22:06] TeamBuilder: building teams. participants=100, teamSize=3
[2025-11-28 23:22:06] TeamBuilder: global average skill=5.56
[2025-11-28 23:22:06] TeamBuilder: created 34 teams.
[2025-11-28 23:22:06] Team summary: Team 1 | size=3 | avgSkill=4.666666666666667 | games=3 | roles=3 | leaders=0 | thinkers=1 | balanced=2
[2025-11-28 23:22:06] Team summary: Team 2 | size=3 | avgSkill=6.0 | games=3 | roles=3 | leaders=1 | thinkers=1 | balanced=1
[2025-11-28 23:22:06] Team summary: Team 3 | size=3 | avgSkill=5.666666666666667 | games=3 | roles=3 | leaders=1 | thinkers=1 | balanced=1
[2025-11-28 23:22:06] Team summary: Team 4 | size=3 | avgSkill=6.333333333333333 | games=3 | roles=3 | leaders=1 | thinkers=1 | balanced=1
[2025-11-28 23:22:06] Team summary: Team 5 | size=3 | avgSkill=4.666666666666667 | games=3 | roles=3 | leaders=1 | thinkers=1 | balanced=1
[2025-11-28 23:22:06] Team summary: Team 6 | size=3 | avgSkill=6.0 | games=3 | roles=3 | leaders=1 | thinkers=1 | balanced=1
[2025-11-28 23:22:06] Team summary: Team 7 | size=3 | avgSkill=5.666666666666667 | games=3 | roles=3 | leaders=1 | thinkers=1 | balanced=1
[2025-11-28 23:22:06] Team summary: Team 8 | size=3 | avgSkill=6.0 | games=3 | roles=3 | leaders=1 | thinkers=1 | balanced=1
[2025-11-28 23:22:06] Team summary: Team 9 | size=3 | avgSkill=4.666666666666667 | games=3 | roles=3 | leaders=2 | thinkers=1 | balanced=0
[2025-11-28 23:22:06] Team summary: Team 10 | size=3 | avgSkill=5.666666666666667 | games=3 | roles=3 | leaders=1 | thinkers=1 | balanced=1
[2025-11-28 23:22:06] Team summary: Team 11 | size=3 | avgSkill=4.333333333333333 | games=3 | roles=3 | leaders=1 | thinkers=1 | balanced=1
[2025-11-28 23:22:06] Team summary: Team 12 | size=3 | avgSkill=6.0 | games=3 | roles=3 | leaders=1 | thinkers=1 | balanced=1
[2025-11-28 23:22:06] Team summary: Team 13 | size=3 | avgSkill=6.0 | games=3 | roles=3 | leaders=1 | thinkers=1 | balanced=1
[2025-11-28 23:22:06] Team summary: Team 14 | size=3 | avgSkill=5.0 | games=3 | roles=3 | leaders=1 | thinkers=1 | balanced=1
[2025-11-28 23:22:06] Team summary: Team 15 | size=3 | avgSkill=6.333333333333333 | games=3 | roles=3 | leaders=1 | thinkers=1 | balanced=1
[2025-11-28 23:22:06] Team summary: Team 16 | size=2 | avgSkill=5.5 | games=2 | roles=2 | leaders=1 | thinkers=1 | balanced=0
[2025-11-28 23:22:06] Team summary: Team 17 | size=3 | avgSkill=6.0 | games=3 | roles=3 | leaders=1 | thinkers=1 | balanced=1
[2025-11-28 23:22:06] Team summary: Team 18 | size=2 | avgSkill=6.0 | games=2 | roles=2 | leaders=1 | thinkers=1 | balanced=0
[2025-11-28 23:22:06] Team summary: Team 19 | size=3 | avgSkill=5.666666666666667 | games=3 | roles=3 | leaders=0 | thinkers=1 | balanced=2
[2025-11-28 23:22:06] Team summary: Team 20 | size=3 | avgSkill=4.666666666666667 | games=2 | roles=3 | leaders=1 | thinkers=2 | balanced=0
[2025-11-28 23:22:06] Team summary: Team 21 | size=3 | avgSkill=5.333333333333333 | games=3 | roles=3 | leaders=1 | thinkers=1 | balanced=1
[2025-11-28 23:22:06] Team summary: Team 22 | size=3 | avgSkill=6.0 | games=3 | roles=3 | leaders=1 | thinkers=1 | balanced=1
[2025-11-28 23:22:06] Team summary: Team 23 | size=3 | avgSkill=4.666666666666667 | games=2 | roles=3 | leaders=1 | thinkers=1 | balanced=1
[2025-11-28 23:22:06] Team summary: Team 24 | size=3 | avgSkill=6.666666666666667 | games=2 | roles=3 | leaders=1 | thinkers=0 | balanced=2
[2025-11-28 23:22:06] Team summary: Team 25 | size=3 | avgSkill=6.0 | games=3 | roles=3 | leaders=0 | thinkers=1 | balanced=2
[2025-11-28 23:22:06] Team summary: Team 26 | size=3 | avgSkill=6.0 | games=3 | roles=3 | leaders=1 | thinkers=1 | balanced=1
[2025-11-28 23:22:06] Team summary: Team 27 | size=3 | avgSkill=4.666666666666667 | games=3 | roles=3 | leaders=1 | thinkers=1 | balanced=1
[2025-11-28 23:22:06] Team summary: Team 28 | size=3 | avgSkill=6.0 | games=3 | roles=3 | leaders=1 | thinkers=1 | balanced=1
[2025-11-28 23:22:06] Team summary: Team 29 | size=3 | avgSkill=5.0 | games=3 | roles=3 | leaders=1 | thinkers=1 | balanced=1
[2025-11-28 23:22:06] Team summary: Team 30 | size=3 | avgSkill=4.333333333333333 | games=3 | roles=3 | leaders=1 | thinkers=1 | balanced=1
[2025-11-28 23:22:06] Team summary: Team 31 | size=3 | avgSkill=5.333333333333333 | games=3 | roles=3 | leaders=2 | thinkers=1 | balanced=0
[2025-11-28 23:22:06] Team summary: Team 32 | size=3 | avgSkill=7.0 | games=3 | roles=3 | leaders=2 | thinkers=0 | balanced=1
[2025-11-28 23:22:06] Team summary: Team 33 | size=3 | avgSkill=6.0 | games=3 | roles=3 | leaders=1 | thinkers=1 | balanced=1
[2025-11-28 23:22:06] Team summary: Team 34 | size=3 | avgSkill=5.333333333333333 | games=3 | roles=3 | leaders=1 | thinkers=1 | balanced=1
[2025-11-28 23:22:06] TeamFormationTask END. teamsFormed=34
[2025-11-28 23:22:06] Teams formed: 34 with team size 3
[2025-11-28 23:39:41] Starting TeamFormationThread. teamSize=7
[2025-11-28 23:39:41] TeamFormationTask START. participants=100, teamSize=7
[2025-11-28 23:39:41] TeamBuilder: building teams. participants=100, teamSize=7
[2025-11-28 23:39:41] TeamBuilder: global average skill=5.56
[2025-11-28 23:39:41] TeamBuilder: created 15 teams.
[2025-11-28 23:39:41] Team summary: Team 1 | size=7 | avgSkill=5.714285714285714 | games=6 | roles=5 | leaders=2 | thinkers=2 | balanced=3
[2025-11-28 23:39:41] Team summary: Team 2 | size=7 | avgSkill=5.428571428571429 | games=6 | roles=5 | leaders=2 | thinkers=2 | balanced=3
[2025-11-28 23:39:41] Team summary: Team 3 | size=7 | avgSkill=5.857142857142857 | games=6 | roles=5 | leaders=2 | thinkers=2 | balanced=3
[2025-11-28 23:39:41] Team summary: Team 4 | size=7 | avgSkill=5.142857142857143 | games=5 | roles=5 | leaders=3 | thinkers=2 | balanced=2
[2025-11-28 23:39:41] Team summary: Team 5 | size=7 | avgSkill=5.285714285714286 | games=6 | roles=5 | leaders=2 | thinkers=2 | balanced=3
[2025-11-28 23:39:41] Team summary: Team 6 | size=7 | avgSkill=5.428571428571429 | games=5 | roles=5 | leaders=2 | thinkers=3 | balanced=2
[2025-11-28 23:39:41] Team summary: Team 7 | size=7 | avgSkill=5.142857142857143 | games=5 | roles=5 | leaders=3 | thinkers=2 | balanced=2
[2025-11-28 23:39:41] Team summary: Team 8 | size=7 | avgSkill=5.142857142857143 | games=6 | roles=5 | leaders=2 | thinkers=2 | balanced=3
[2025-11-28 23:39:41] Team summary: Team 9 | size=6 | avgSkill=5.666666666666667 | games=5 | roles=5 | leaders=2 | thinkers=2 | balanced=2
[2025-11-28 23:39:41] Team summary: Team 10 | size=6 | avgSkill=6.0 | games=5 | roles=5 | leaders=2 | thinkers=2 | balanced=2
[2025-11-28 23:39:41] Team summary: Team 11 | size=6 | avgSkill=6.333333333333333 | games=6 | roles=5 | leaders=2 | thinkers=2 | balanced=2
[2025-11-28 23:39:41] Team summary: Team 12 | size=7 | avgSkill=5.571428571428571 | games=6 | roles=5 | leaders=3 | thinkers=2 | balanced=2
[2025-11-28 23:39:41] Team summary: Team 13 | size=7 | avgSkill=5.285714285714286 | games=6 | roles=5 | leaders=3 | thinkers=3 | balanced=1
[2025-11-28 23:39:41] Team summary: Team 14 | size=7 | avgSkill=5.142857142857143 | games=6 | roles=5 | leaders=2 | thinkers=3 | balanced=2
[2025-11-28 23:39:41] Team summary: Team 15 | size=5 | avgSkill=6.8 | games=5 | roles=5 | leaders=2 | thinkers=2 | balanced=1
[2025-11-28 23:39:41] TeamFormationTask END. teamsFormed=15
[2025-11-28 23:39:41] Teams formed: 15 with team size 7
[2025-11-28 23:44:42] Loaded 7 participant accounts from file.
[2025-11-28 23:44:42] Application started
[2025-11-28 23:44:53] Organizer login success for username=organizer
[2025-11-28 23:44:53] Organizer logged in
[2025-11-28 23:45:11] CSV load finished with 100 participants from C:\Users\thiru\OneDrive\Documents\Stage 2\SEM 1\OOP\Coursework2601\src\teammate\auth\participants_sample.csv
[2025-11-28 23:45:11] Organizer loaded 100 participants from CSV: C:\Users\thiru\OneDrive\Documents\Stage 2\SEM 1\OOP\Coursework2601\src\teammate\auth\participants_sample.csv
[2025-11-28 23:45:21] Starting TeamFormationThread. teamSize=3
[2025-11-28 23:45:21] TeamFormationTask START. participants=100, teamSize=3
[2025-11-28 23:45:21] TeamBuilder: building teams. participants=100, teamSize=3
[2025-11-28 23:45:21] TeamBuilder: global average skill=5.56
[2025-11-28 23:45:21] TeamBuilder: fixing small teams (<3). Small teams=2
[2025-11-28 23:45:21] TeamBuilder: after fixing, totalTeams=33
[2025-11-28 23:45:21] TeamBuilder: created 33 teams.
[2025-11-28 23:45:21] Team summary: Team 1 | size=4 | avgSkill=4.75 | games=4 | roles=4 | leaders=3 | thinkers=1 | balanced=0
[2025-11-28 23:45:21] Team summary: Team 2 | size=3 | avgSkill=4.333333333333333 | games=3 | roles=3 | leaders=1 | thinkers=1 | balanced=1
[2025-11-28 23:45:21] Team summary: Team 3 | size=3 | avgSkill=6.0 | games=3 | roles=3 | leaders=1 | thinkers=1 | balanced=1
[2025-11-28 23:45:21] Team summary: Team 4 | size=3 | avgSkill=5.666666666666667 | games=3 | roles=3 | leaders=0 | thinkers=1 | balanced=2
[2025-11-28 23:45:21] Team summary: Team 5 | size=3 | avgSkill=4.333333333333333 | games=3 | roles=3 | leaders=2 | thinkers=1 | balanced=0
[2025-11-28 23:45:21] Team summary: Team 6 | size=3 | avgSkill=6.0 | games=3 | roles=3 | leaders=1 | thinkers=1 | balanced=1
[2025-11-28 23:45:21] Team summary: Team 7 | size=3 | avgSkill=5.0 | games=3 | roles=3 | leaders=1 | thinkers=1 | balanced=1
[2025-11-28 23:45:21] Team summary: Team 8 | size=3 | avgSkill=5.333333333333333 | games=3 | roles=3 | leaders=1 | thinkers=1 | balanced=1
[2025-11-28 23:45:21] Team summary: Team 9 | size=3 | avgSkill=5.0 | games=3 | roles=3 | leaders=1 | thinkers=1 | balanced=1
[2025-11-28 23:45:21] Team summary: Team 10 | size=3 | avgSkill=6.333333333333333 | games=3 | roles=3 | leaders=1 | thinkers=1 | balanced=1
[2025-11-28 23:45:21] Team summary: Team 11 | size=3 | avgSkill=6.0 | games=3 | roles=3 | leaders=1 | thinkers=1 | balanced=1
[2025-11-28 23:45:21] Team summary: Team 12 | size=3 | avgSkill=5.666666666666667 | games=3 | roles=3 | leaders=1 | thinkers=1 | balanced=1
[2025-11-28 23:45:21] Team summary: Team 13 | size=3 | avgSkill=4.666666666666667 | games=3 | roles=2 | leaders=1 | thinkers=1 | balanced=1
[2025-11-28 23:45:21] Team summary: Team 14 | size=3 | avgSkill=5.333333333333333 | games=3 | roles=3 | leaders=1 | thinkers=1 | balanced=1
[2025-11-28 23:45:21] Team summary: Team 15 | size=3 | avgSkill=6.333333333333333 | games=3 | roles=3 | leaders=1 | thinkers=1 | balanced=1
[2025-11-28 23:45:21] Team summary: Team 16 | size=3 | avgSkill=6.333333333333333 | games=3 | roles=3 | leaders=1 | thinkers=1 | balanced=1
[2025-11-28 23:45:21] Team summary: Team 17 | size=3 | avgSkill=5.666666666666667 | games=3 | roles=3 | leaders=1 | thinkers=1 | balanced=1
[2025-11-28 23:45:21] Team summary: Team 18 | size=3 | avgSkill=5.666666666666667 | games=3 | roles=3 | leaders=1 | thinkers=1 | balanced=1
[2025-11-28 23:45:21] Team summary: Team 19 | size=3 | avgSkill=5.666666666666667 | games=3 | roles=3 | leaders=1 | thinkers=1 | balanced=1
[2025-11-28 23:45:21] Team summary: Team 20 | size=3 | avgSkill=4.666666666666667 | games=2 | roles=3 | leaders=1 | thinkers=1 | balanced=1
[2025-11-28 23:45:21] Team summary: Team 21 | size=3 | avgSkill=6.333333333333333 | games=3 | roles=3 | leaders=1 | thinkers=1 | balanced=1
[2025-11-28 23:45:21] Team summary: Team 22 | size=3 | avgSkill=7.333333333333333 | games=3 | roles=2 | leaders=1 | thinkers=2 | balanced=0
[2025-11-28 23:45:21] Team summary: Team 23 | size=3 | avgSkill=5.666666666666667 | games=3 | roles=3 | leaders=0 | thinkers=1 | balanced=2
[2025-11-28 23:45:21] Team summary: Team 24 | size=3 | avgSkill=4.666666666666667 | games=3 | roles=3 | leaders=1 | thinkers=1 | balanced=1
[2025-11-28 23:45:21] Team summary: Team 25 | size=3 | avgSkill=4.666666666666667 | games=3 | roles=3 | leaders=1 | thinkers=2 | balanced=0
[2025-11-28 23:45:21] Team summary: Team 26 | size=3 | avgSkill=7.0 | games=3 | roles=3 | leaders=1 | thinkers=1 | balanced=1
[2025-11-28 23:45:21] Team summary: Team 27 | size=3 | avgSkill=6.0 | games=3 | roles=3 | leaders=1 | thinkers=1 | balanced=1
[2025-11-28 23:45:21] Team summary: Team 28 | size=3 | avgSkill=6.0 | games=3 | roles=3 | leaders=1 | thinkers=1 | balanced=1
[2025-11-28 23:45:21] Team summary: Team 29 | size=3 | avgSkill=4.666666666666667 | games=3 | roles=3 | leaders=1 | thinkers=0 | balanced=2
[2025-11-28 23:45:21] Team summary: Team 30 | size=3 | avgSkill=6.0 | games=3 | roles=3 | leaders=1 | thinkers=1 | balanced=1
[2025-11-28 23:45:21] Team summary: Team 31 | size=3 | avgSkill=5.333333333333333 | games=3 | roles=3 | leaders=1 | thinkers=1 | balanced=1
[2025-11-28 23:45:21] Team summary: Team 32 | size=3 | avgSkill=5.0 | games=3 | roles=3 | leaders=1 | thinkers=1 | balanced=1
[2025-11-28 23:45:21] Team summary: Team 33 | size=3 | avgSkill=6.333333333333333 | games=3 | roles=3 | leaders=1 | thinkers=0 | balanced=2
[2025-11-28 23:45:21] TeamFormationTask END. teamsFormed=33
[2025-11-28 23:45:21] Teams formed: 33 with team size 3
[2025-11-28 23:50:39] Loaded 7 participant accounts from file.
[2025-11-28 23:50:39] Application started
[2025-11-28 23:50:54] Organizer login success for username=organizer
[2025-11-28 23:50:54] Organizer logged in
[2025-11-28 23:50:59] Organizer attempted to load participants but file was empty/invalid: // LoggerService.getInstance().info("Excluding team from candidate list: " + t.getTeamName());
[2025-11-28 23:51:18] CSV load finished with 100 participants from C:\Users\thiru\OneDrive\Documents\Stage 2\SEM 1\OOP\Coursework2601\src\teammate\auth\participants_sample.csv
[2025-11-28 23:51:18] Organizer loaded 100 participants from CSV: C:\Users\thiru\OneDrive\Documents\Stage 2\SEM 1\OOP\Coursework2601\src\teammate\auth\participants_sample.csv
[2025-11-28 23:51:30] Starting TeamFormationThread. teamSize=3
[2025-11-28 23:51:30] TeamFormationTask START. participants=100, teamSize=3
[2025-11-28 23:51:30] TeamBuilder: building teams. participants=100, teamSize=3
[2025-11-28 23:51:30] TeamBuilder: global average skill=5.56
[2025-11-28 23:51:30] Small team detected: Team 4 | size=2
[2025-11-28 23:51:30] Small team detected: Team 32 | size=2
[2025-11-28 23:51:30] TeamBuilder: fixing small teams (<3). Small teams=2
[2025-11-28 23:51:30] Redistributing members from small team: Team 4
[2025-11-28 23:51:30] Excluding team from candidate list: Team 4
[2025-11-28 23:51:30] Moving participant Participant_15 from Team 4 to Team 32
[2025-11-28 23:51:30] Excluding team from candidate list: Team 4
[2025-11-28 23:51:30] Moving participant Participant_88 from Team 4 to Team 1
[2025-11-28 23:51:30] Redistributing members from small team: Team 32
[2025-11-28 23:51:30] Excluding team from candidate list: Team 32
[2025-11-28 23:51:30] Moving participant Participant_85 from Team 32 to Team 4
[2025-11-28 23:51:30] Excluding team from candidate list: Team 32
[2025-11-28 23:51:30] Moving participant Participant_51 from Team 32 to Team 4
[2025-11-28 23:51:30] Excluding team from candidate list: Team 32
[2025-11-28 23:51:30] Moving participant Participant_15 from Team 32 to Team 4
[2025-11-28 23:51:30] TeamBuilder: after fixing, totalTeams=33
[2025-11-28 23:51:30] TeamBuilder: created 33 teams.
[2025-11-28 23:51:30] Team summary: Team 1 | size=4 | avgSkill=5.0 | games=3 | roles=4 | leaders=2 | thinkers=1 | balanced=1
[2025-11-28 23:51:30] Team summary: Team 2 | size=3 | avgSkill=5.666666666666667 | games=3 | roles=3 | leaders=1 | thinkers=1 | balanced=1
[2025-11-28 23:51:30] Team summary: Team 3 | size=3 | avgSkill=6.333333333333333 | games=3 | roles=3 | leaders=0 | thinkers=1 | balanced=2
[2025-11-28 23:51:30] Team summary: Team 4 | size=3 | avgSkill=6.666666666666667 | games=3 | roles=2 | leaders=1 | thinkers=2 | balanced=0
[2025-11-28 23:51:30] Team summary: Team 5 | size=3 | avgSkill=5.0 | games=3 | roles=3 | leaders=1 | thinkers=1 | balanced=1
[2025-11-28 23:51:30] Team summary: Team 6 | size=3 | avgSkill=5.333333333333333 | games=3 | roles=3 | leaders=1 | thinkers=1 | balanced=1
[2025-11-28 23:51:30] Team summary: Team 7 | size=3 | avgSkill=4.666666666666667 | games=3 | roles=3 | leaders=2 | thinkers=1 | balanced=0
[2025-11-28 23:51:30] Team summary: Team 8 | size=3 | avgSkill=4.666666666666667 | games=3 | roles=3 | leaders=1 | thinkers=2 | balanced=0
[2025-11-28 23:51:30] Team summary: Team 9 | size=3 | avgSkill=6.0 | games=3 | roles=3 | leaders=1 | thinkers=0 | balanced=2
[2025-11-28 23:51:30] Team summary: Team 10 | size=3 | avgSkill=6.333333333333333 | games=3 | roles=3 | leaders=1 | thinkers=1 | balanced=1
[2025-11-28 23:51:30] Team summary: Team 11 | size=3 | avgSkill=6.0 | games=3 | roles=3 | leaders=1 | thinkers=1 | balanced=1
[2025-11-28 23:51:30] Team summary: Team 12 | size=3 | avgSkill=5.0 | games=3 | roles=3 | leaders=1 | thinkers=1 | balanced=1
[2025-11-28 23:51:30] Team summary: Team 13 | size=3 | avgSkill=4.666666666666667 | games=2 | roles=3 | leaders=0 | thinkers=1 | balanced=2
[2025-11-28 23:51:30] Team summary: Team 14 | size=3 | avgSkill=7.333333333333333 | games=3 | roles=3 | leaders=1 | thinkers=1 | balanced=1
[2025-11-28 23:51:30] Team summary: Team 15 | size=3 | avgSkill=6.0 | games=3 | roles=3 | leaders=0 | thinkers=1 | balanced=2
[2025-11-28 23:51:30] Team summary: Team 16 | size=3 | avgSkill=4.666666666666667 | games=3 | roles=3 | leaders=1 | thinkers=1 | balanced=1
[2025-11-28 23:51:30] Team summary: Team 17 | size=3 | avgSkill=5.333333333333333 | games=3 | roles=3 | leaders=1 | thinkers=1 | balanced=1
[2025-11-28 23:51:30] Team summary: Team 18 | size=3 | avgSkill=5.666666666666667 | games=3 | roles=3 | leaders=1 | thinkers=1 | balanced=1
[2025-11-28 23:51:30] Team summary: Team 19 | size=3 | avgSkill=6.333333333333333 | games=3 | roles=3 | leaders=1 | thinkers=1 | balanced=1
[2025-11-28 23:51:30] Team summary: Team 20 | size=3 | avgSkill=6.0 | games=3 | roles=3 | leaders=1 | thinkers=1 | balanced=1
[2025-11-28 23:51:30] Team summary: Team 21 | size=3 | avgSkill=5.0 | games=3 | roles=3 | leaders=1 | thinkers=1 | balanced=1
[2025-11-28 23:51:30] Team summary: Team 22 | size=3 | avgSkill=4.666666666666667 | games=3 | roles=3 | leaders=2 | thinkers=1 | balanced=0
[2025-11-28 23:51:30] Team summary: Team 23 | size=3 | avgSkill=5.333333333333333 | games=3 | roles=3 | leaders=2 | thinkers=1 | balanced=0
[2025-11-28 23:51:30] Team summary: Team 24 | size=3 | avgSkill=6.333333333333333 | games=3 | roles=3 | leaders=1 | thinkers=1 | balanced=1
[2025-11-28 23:51:30] Team summary: Team 25 | size=3 | avgSkill=5.333333333333333 | games=3 | roles=3 | leaders=1 | thinkers=1 | balanced=1
[2025-11-28 23:51:30] Team summary: Team 26 | size=3 | avgSkill=6.0 | games=3 | roles=3 | leaders=1 | thinkers=1 | balanced=1
[2025-11-28 23:51:30] Team summary: Team 27 | size=3 | avgSkill=4.666666666666667 | games=3 | roles=3 | leaders=1 | thinkers=1 | balanced=1
[2025-11-28 23:51:30] Team summary: Team 28 | size=3 | avgSkill=5.333333333333333 | games=3 | roles=3 | leaders=1 | thinkers=1 | balanced=1
[2025-11-28 23:51:30] Team summary: Team 29 | size=3 | avgSkill=5.0 | games=3 | roles=3 | leaders=2 | thinkers=1 | balanced=0
[2025-11-28 23:51:30] Team summary: Team 30 | size=3 | avgSkill=6.0 | games=3 | roles=3 | leaders=0 | thinkers=1 | balanced=2
[2025-11-28 23:51:30] Team summary: Team 31 | size=3 | avgSkill=5.333333333333333 | games=3 | roles=3 | leaders=0 | thinkers=1 | balanced=2
[2025-11-28 23:51:30] Team summary: Team 33 | size=3 | avgSkill=6.666666666666667 | games=3 | roles=3 | leaders=1 | thinkers=0 | balanced=2
[2025-11-28 23:51:30] Team summary: Team 34 | size=3 | avgSkill=5.333333333333333 | games=3 | roles=3 | leaders=2 | thinkers=1 | balanced=0
[2025-11-28 23:51:30] TeamFormationTask END. teamsFormed=33
[2025-11-28 23:51:30] Teams formed: 33 with team size 3
[2025-11-28 23:52:34] Teams saved to CSV: src\teammate\TeamMembers\teams_20251128_235234.csv (teams=33)
[2025-11-28 23:52:34] Teams exported to CSV: src\teammate\TeamMembers\teams_20251128_235234.csv
[2025-11-28 23:53:12] Starting TeamFormationThread. teamSize=5
[2025-11-28 23:53:12] TeamFormationTask START. participants=100, teamSize=5
[2025-11-28 23:53:12] TeamBuilder: building teams. participants=100, teamSize=5
[2025-11-28 23:53:12] TeamBuilder: global average skill=5.56
[2025-11-28 23:53:12] TeamBuilder: no small teams to fix (minSize=3).
[2025-11-28 23:53:12] TeamBuilder: created 20 teams.
[2025-11-28 23:53:12] Team summary: Team 1 | size=5 | avgSkill=5.6 | games=5 | roles=4 | leaders=1 | thinkers=1 | balanced=3
[2025-11-28 23:53:12] Team summary: Team 2 | size=5 | avgSkill=5.6 | games=5 | roles=4 | leaders=2 | thinkers=2 | balanced=1
[2025-11-28 23:53:12] Team summary: Team 3 | size=5 | avgSkill=5.2 | games=4 | roles=4 | leaders=2 | thinkers=2 | balanced=1
[2025-11-28 23:53:12] Team summary: Team 4 | size=5 | avgSkill=5.4 | games=5 | roles=4 | leaders=1 | thinkers=1 | balanced=3
[2025-11-28 23:53:12] Team summary: Team 5 | size=5 | avgSkill=5.8 | games=4 | roles=5 | leaders=1 | thinkers=2 | balanced=2
[2025-11-28 23:53:12] Team summary: Team 6 | size=5 | avgSkill=5.8 | games=4 | roles=5 | leaders=1 | thinkers=1 | balanced=3
[2025-11-28 23:53:12] Team summary: Team 7 | size=5 | avgSkill=6.0 | games=5 | roles=5 | leaders=1 | thinkers=2 | balanced=2
[2025-11-28 23:53:12] Team summary: Team 8 | size=5 | avgSkill=5.4 | games=5 | roles=5 | leaders=2 | thinkers=2 | balanced=1
[2025-11-28 23:53:12] Team summary: Team 9 | size=5 | avgSkill=5.0 | games=5 | roles=5 | leaders=2 | thinkers=3 | balanced=0
[2025-11-28 23:53:12] Team summary: Team 10 | size=5 | avgSkill=5.8 | games=5 | roles=5 | leaders=2 | thinkers=1 | balanced=2
[2025-11-28 23:53:12] Team summary: Team 11 | size=5 | avgSkill=5.8 | games=5 | roles=5 | leaders=2 | thinkers=1 | balanced=2
[2025-11-28 23:53:12] Team summary: Team 12 | size=5 | avgSkill=5.6 | games=5 | roles=4 | leaders=1 | thinkers=2 | balanced=2
[2025-11-28 23:53:12] Team summary: Team 13 | size=5 | avgSkill=5.4 | games=5 | roles=4 | leaders=2 | thinkers=1 | balanced=2
[2025-11-28 23:53:12] Team summary: Team 14 | size=5 | avgSkill=5.6 | games=4 | roles=5 | leaders=2 | thinkers=2 | balanced=1
[2025-11-28 23:53:12] Team summary: Team 15 | size=5 | avgSkill=5.8 | games=5 | roles=5 | leaders=1 | thinkers=1 | balanced=3
[2025-11-28 23:53:12] Team summary: Team 16 | size=5 | avgSkill=6.2 | games=5 | roles=5 | leaders=2 | thinkers=2 | balanced=1
[2025-11-28 23:53:12] Team summary: Team 17 | size=5 | avgSkill=5.4 | games=5 | roles=5 | leaders=2 | thinkers=1 | balanced=2
[2025-11-28 23:53:12] Team summary: Team 18 | size=5 | avgSkill=4.8 | games=5 | roles=4 | leaders=3 | thinkers=2 | balanced=0
[2025-11-28 23:53:12] Team summary: Team 19 | size=5 | avgSkill=5.4 | games=5 | roles=4 | leaders=2 | thinkers=2 | balanced=1
[2025-11-28 23:53:12] Team summary: Team 20 | size=5 | avgSkill=5.6 | games=4 | roles=5 | leaders=2 | thinkers=2 | balanced=1
[2025-11-28 23:53:12] TeamFormationTask END. teamsFormed=20
[2025-11-28 23:53:12] Teams formed: 20 with team size 5
[2025-11-28 23:53:17] Starting TeamFormationThread. teamSize=7
[2025-11-28 23:53:17] TeamFormationTask START. participants=100, teamSize=7
[2025-11-28 23:53:17] TeamBuilder: building teams. participants=100, teamSize=7
[2025-11-28 23:53:17] TeamBuilder: global average skill=5.56
[2025-11-28 23:53:17] TeamBuilder: no small teams to fix (minSize=3).
[2025-11-28 23:53:17] TeamBuilder: created 15 teams.
[2025-11-28 23:53:17] Team summary: Team 1 | size=7 | avgSkill=5.857142857142857 | games=5 | roles=5 | leaders=2 | thinkers=2 | balanced=3
[2025-11-28 23:53:17] Team summary: Team 2 | size=7 | avgSkill=5.571428571428571 | games=5 | roles=5 | leaders=1 | thinkers=3 | balanced=3
[2025-11-28 23:53:17] Team summary: Team 3 | size=6 | avgSkill=5.666666666666667 | games=6 | roles=5 | leaders=2 | thinkers=2 | balanced=2
[2025-11-28 23:53:17] Team summary: Team 4 | size=7 | avgSkill=5.714285714285714 | games=6 | roles=4 | leaders=2 | thinkers=2 | balanced=3
[2025-11-28 23:53:17] Team summary: Team 5 | size=7 | avgSkill=5.714285714285714 | games=6 | roles=5 | leaders=2 | thinkers=2 | balanced=3
[2025-11-28 23:53:17] Team summary: Team 6 | size=7 | avgSkill=5.428571428571429 | games=6 | roles=5 | leaders=4 | thinkers=2 | balanced=1
[2025-11-28 23:53:17] Team summary: Team 7 | size=6 | avgSkill=5.666666666666667 | games=5 | roles=5 | leaders=2 | thinkers=2 | balanced=2
[2025-11-28 23:53:17] Team summary: Team 8 | size=7 | avgSkill=5.285714285714286 | games=6 | roles=5 | leaders=3 | thinkers=2 | balanced=2
[2025-11-28 23:53:17] Team summary: Team 9 | size=6 | avgSkill=5.666666666666667 | games=4 | roles=5 | leaders=2 | thinkers=2 | balanced=2
[2025-11-28 23:53:17] Team summary: Team 10 | size=6 | avgSkill=5.833333333333333 | games=6 | roles=5 | leaders=2 | thinkers=2 | balanced=2
[2025-11-28 23:53:17] Team summary: Team 11 | size=7 | avgSkill=4.857142857142857 | games=6 | roles=5 | leaders=2 | thinkers=3 | balanced=2
[2025-11-28 23:53:17] Team summary: Team 12 | size=7 | avgSkill=5.714285714285714 | games=5 | roles=5 | leaders=2 | thinkers=2 | balanced=3
[2025-11-28 23:53:17] Team summary: Team 13 | size=7 | avgSkill=5.428571428571429 | games=6 | roles=5 | leaders=3 | thinkers=3 | balanced=1
[2025-11-28 23:53:17] Team summary: Team 14 | size=6 | avgSkill=6.0 | games=6 | roles=5 | leaders=2 | thinkers=2 | balanced=2
[2025-11-28 23:53:17] Team summary: Team 15 | size=7 | avgSkill=5.142857142857143 | games=5 | roles=5 | leaders=3 | thinkers=2 | balanced=2
[2025-11-28 23:53:17] TeamFormationTask END. teamsFormed=15
[2025-11-28 23:53:17] Teams formed: 15 with team size 7
