[2025-11-30 15:43:23] Loaded 7 participant accounts from file.
[2025-11-30 15:43:23] Application started
[2025-11-30 15:43:41] CSV load finished with 2 participants from C:\Users\thiru\AppData\Local\Temp\participants_test10415124886830413485.csv
[2025-11-30 15:43:41] Teams saved to CSV: src\teammate\TeamMembers\teams_20251130_154341.csv (teams=1)
[2025-11-30 15:43:54] Loaded 7 participant accounts from file.
[2025-11-30 15:43:54] Organizer login FAILED for username=admin
[2025-11-30 15:43:54] Loaded 7 participant accounts from file.
[2025-11-30 15:43:54] Participant signup success: username=john, id=P108, email=user108@university.edu
[2025-11-30 15:43:54] Loaded 7 participant accounts from file.
[2025-11-30 15:43:54] Organizer login FAILED for username=admin
[2025-11-30 15:43:54] Loaded 7 participant accounts from file.
[2025-11-30 15:43:54] Loaded 7 participant accounts from file.
[2025-11-30 15:43:54] Participant signup success: username=john, id=P108, email=user108@university.edu
[2025-11-30 15:43:54] All participant accounts saved to file (with IDs and survey data).
[2025-11-30 15:43:54] Loaded 8 participant accounts from file.
[2025-11-30 15:43:54] Loaded 8 participant accounts from file.
[2025-11-30 15:43:54] Loaded 8 participant accounts from file.
[2025-11-30 15:46:15] Loaded 8 participant accounts from file.
[2025-11-30 15:46:15] Organizer login FAILED for username=admin
[2025-11-30 15:46:15] Loaded 8 participant accounts from file.
[2025-11-30 15:46:15] Loaded 8 participant accounts from file.
[2025-11-30 15:46:15] Organizer login FAILED for username=admin
[2025-11-30 15:46:15] Loaded 8 participant accounts from file.
[2025-11-30 15:46:15] Loaded 8 participant accounts from file.
[2025-11-30 15:46:15] Loaded 8 participant accounts from file.
[2025-11-30 15:46:15] Loaded 8 participant accounts from file.
[2025-11-30 15:46:15] Loaded 8 participant accounts from file.
[2025-11-30 15:48:04] Loaded 8 participant accounts from file.
[2025-11-30 15:48:04] Organizer login FAILED for username=admin
[2025-11-30 15:48:04] Loaded 8 participant accounts from file.
[2025-11-30 15:48:04] Loaded 8 participant accounts from file.
[2025-11-30 15:48:04] Organizer login FAILED for username=admin
[2025-11-30 15:48:04] Loaded 8 participant accounts from file.
[2025-11-30 15:48:04] Loaded 8 participant accounts from file.
[2025-11-30 15:48:04] Loaded 8 participant accounts from file.
[2025-11-30 15:48:04] Loaded 8 participant accounts from file.
[2025-11-30 15:48:04] Loaded 8 participant accounts from file.
[2025-11-30 15:48:51] Loaded 8 participant accounts from file.
[2025-11-30 15:48:51] Organizer login FAILED for username=admin
[2025-11-30 15:48:51] Loaded 8 participant accounts from file.
[2025-11-30 15:48:51] Loaded 8 participant accounts from file.
[2025-11-30 15:48:51] Organizer login FAILED for username=admin
[2025-11-30 15:48:51] Loaded 8 participant accounts from file.
[2025-11-30 15:48:51] Loaded 8 participant accounts from file.
[2025-11-30 15:48:51] Loaded 8 participant accounts from file.
[2025-11-30 15:48:51] Loaded 8 participant accounts from file.
[2025-11-30 15:48:51] Loaded 8 participant accounts from file.
[2025-11-30 15:53:15] Loaded 8 participant accounts from file.
[2025-11-30 15:53:15] Organizer login FAILED for username=admin
[2025-11-30 15:53:15] Loaded 8 participant accounts from file.
[2025-11-30 15:53:15] Loaded 8 participant accounts from file.
[2025-11-30 15:53:15] Organizer login FAILED for username=admin
[2025-11-30 15:53:15] Loaded 8 participant accounts from file.
[2025-11-30 15:53:15] Loaded 8 participant accounts from file.
[2025-11-30 15:53:15] Loaded 8 participant accounts from file.
[2025-11-30 15:53:15] Loaded 8 participant accounts from file.
[2025-11-30 15:53:15] Loaded 8 participant accounts from file.
[2025-11-30 15:53:32] Loaded 8 participant accounts from file.
[2025-11-30 15:53:32] Organizer login FAILED for username=admin
[2025-11-30 15:53:32] Loaded 8 participant accounts from file.
[2025-11-30 15:53:32] Loaded 8 participant accounts from file.
[2025-11-30 15:53:32] Organizer login FAILED for username=admin
[2025-11-30 15:53:32] Loaded 8 participant accounts from file.
[2025-11-30 15:53:32] Loaded 8 participant accounts from file.
[2025-11-30 15:53:32] Loaded 8 participant accounts from file.
[2025-11-30 15:53:32] Loaded 8 participant accounts from file.
[2025-11-30 15:53:32] Loaded 8 participant accounts from file.
