[2025-11-30 14:13:12] No existing participant accounts file found.
[2025-11-30 14:13:12] Application started
[2025-11-30 14:14:06] TeamBuilder: building teams. participants=6, teamSize=4
[2025-11-30 14:14:06] TeamBuilder: global average skill=5.0
[2025-11-30 14:14:06] Small team detected: Team 2 | size=2
[2025-11-30 14:14:06] TeamBuilder: fixing small teams (<3). Small teams=1
[2025-11-30 14:14:06] Redistributing members from small team: Team 2
[2025-11-30 14:14:06] Excluding team from candidate list: Team 2
[2025-11-30 14:14:06] Moving participant P3 from Team 2 to Team 1
[2025-11-30 14:14:06] Excluding team from candidate list: Team 2
[2025-11-30 14:14:06] Moving participant P4 from Team 2 to Team 1
[2025-11-30 14:14:06] TeamBuilder: after fixing, totalTeams=1
[2025-11-30 14:14:06] TeamBuilder: created 1 teams.
[2025-11-30 14:14:06] Team summary: Team 1 | size=6 | avgSkill=5.0 | games=1 | roles=1 | leaders=0 | thinkers=0 | balanced=6
[2025-11-30 14:14:06] TeamBuilder: building teams. participants=6, teamSize=3
[2025-11-30 14:14:06] TeamBuilder: global average skill=5.5
[2025-11-30 14:14:06] TeamBuilder: no small teams to fix (minSize=3).
[2025-11-30 14:14:06] TeamBuilder: created 2 teams.
[2025-11-30 14:14:06] Team summary: Team 1 | size=3 | avgSkill=5.0 | games=1 | roles=2 | leaders=0 | thinkers=0 | balanced=3
[2025-11-30 14:14:06] Team summary: Team 2 | size=3 | avgSkill=6.0 | games=1 | roles=3 | leaders=0 | thinkers=0 | balanced=3
[2025-11-30 14:14:06] TeamBuilder: building teams. participants=5, teamSize=4
[2025-11-30 14:14:06] TeamBuilder: global average skill=5.6
[2025-11-30 14:14:06] Small team detected: Team 2 | size=2
[2025-11-30 14:14:06] TeamBuilder: fixing small teams (<3). Small teams=1
[2025-11-30 14:14:06] Redistributing members from small team: Team 2
[2025-11-30 14:14:06] Excluding team from candidate list: Team 2
[2025-11-30 14:14:06] Moving participant C from Team 2 to Team 1
[2025-11-30 14:14:06] Excluding team from candidate list: Team 2
[2025-11-30 14:14:06] Moving participant D from Team 2 to Team 1
[2025-11-30 14:14:06] TeamBuilder: after fixing, totalTeams=1
[2025-11-30 14:14:06] TeamBuilder: created 1 teams.
[2025-11-30 14:14:06] Team summary: Team 1 | size=5 | avgSkill=5.6 | games=1 | roles=4 | leaders=0 | thinkers=0 | balanced=5
[2025-11-30 14:14:06] TeamBuilder: building teams. participants=5, teamSize=3
[2025-11-30 14:14:06] TeamBuilder: global average skill=5.0
[2025-11-30 14:14:06] Small team detected: Team 2 | size=2
[2025-11-30 14:14:06] TeamBuilder: fixing small teams (<3). Small teams=1
[2025-11-30 14:14:06] Redistributing members from small team: Team 2
[2025-11-30 14:14:06] Excluding team from candidate list: Team 2
[2025-11-30 14:14:06] Moving participant P4 from Team 2 to Team 1
[2025-11-30 14:14:06] Excluding team from candidate list: Team 2
[2025-11-30 14:14:06] Moving participant P1 from Team 2 to Team 1
[2025-11-30 14:14:06] TeamBuilder: after fixing, totalTeams=1
[2025-11-30 14:14:06] TeamBuilder: created 1 teams.
[2025-11-30 14:14:06] Team summary: Team 1 | size=5 | avgSkill=5.0 | games=1 | roles=1 | leaders=0 | thinkers=0 | balanced=5
[2025-11-30 14:14:06] TeamBuilder: no participants available to build teams.
[2025-11-30 14:14:06] TeamBuilder: building teams. participants=8, teamSize=4
[2025-11-30 14:14:06] TeamBuilder: global average skill=5.0
[2025-11-30 14:14:06] TeamBuilder: no small teams to fix (minSize=3).
[2025-11-30 14:14:06] TeamBuilder: created 2 teams.
[2025-11-30 14:14:06] Team summary: Team 1 | size=4 | avgSkill=5.0 | games=1 | roles=1 | leaders=0 | thinkers=4 | balanced=0
[2025-11-30 14:14:06] Team summary: Team 2 | size=4 | avgSkill=5.0 | games=1 | roles=1 | leaders=0 | thinkers=4 | balanced=0
[2025-11-30 14:14:06] TeamBuilder: building teams. participants=6, teamSize=4
[2025-11-30 14:14:06] TeamBuilder: global average skill=6.0
[2025-11-30 14:14:06] Small team detected: Team 1 | size=2
[2025-11-30 14:14:06] TeamBuilder: fixing small teams (<3). Small teams=1
[2025-11-30 14:14:06] Redistributing members from small team: Team 1
[2025-11-30 14:14:06] Excluding team from candidate list: Team 1
[2025-11-30 14:14:06] Moving participant L6 from Team 1 to Team 2
[2025-11-30 14:14:06] Excluding team from candidate list: Team 1
[2025-11-30 14:14:06] Moving participant L3 from Team 1 to Team 2
[2025-11-30 14:14:06] TeamBuilder: after fixing, totalTeams=1
[2025-11-30 14:14:06] TeamBuilder: created 1 teams.
[2025-11-30 14:14:06] Team summary: Team 2 | size=6 | avgSkill=6.0 | games=1 | roles=1 | leaders=6 | thinkers=0 | balanced=0
[2025-11-30 14:14:06] TeamBuilder: building teams. participants=10, teamSize=4
[2025-11-30 14:14:06] TeamBuilder: global average skill=5.5
[2025-11-30 14:14:06] TeamBuilder: no small teams to fix (minSize=3).
[2025-11-30 14:14:06] TeamBuilder: created 3 teams.
[2025-11-30 14:14:06] Team summary: Team 1 | size=3 | avgSkill=5.333333333333333 | games=2 | roles=2 | leaders=1 | thinkers=0 | balanced=2
[2025-11-30 14:14:06] Team summary: Team 2 | size=4 | avgSkill=5.5 | games=2 | roles=2 | leaders=1 | thinkers=0 | balanced=3
[2025-11-30 14:14:06] Team summary: Team 3 | size=3 | avgSkill=5.666666666666667 | games=2 | roles=2 | leaders=0 | thinkers=0 | balanced=3
[2025-11-30 14:14:06] Excluding team from candidate list: B
[2025-11-30 14:16:25] TeamBuilder: building teams. participants=6, teamSize=4
[2025-11-30 14:16:25] TeamBuilder: global average skill=5.0
[2025-11-30 14:16:25] TeamBuilder: no small teams to fix (minSize=3).
[2025-11-30 14:16:25] TeamBuilder: created 2 teams.
[2025-11-30 14:16:25] Team summary: Team 1 | size=3 | avgSkill=5.0 | games=1 | roles=1 | leaders=0 | thinkers=0 | balanced=3
[2025-11-30 14:16:25] Team summary: Team 2 | size=3 | avgSkill=5.0 | games=1 | roles=1 | leaders=0 | thinkers=0 | balanced=3
[2025-11-30 14:16:25] TeamBuilder: building teams. participants=8, teamSize=4
[2025-11-30 14:16:25] TeamBuilder: global average skill=5.0
[2025-11-30 14:16:25] TeamBuilder: no small teams to fix (minSize=3).
[2025-11-30 14:16:25] TeamBuilder: created 2 teams.
[2025-11-30 14:16:25] Team summary: Team 1 | size=4 | avgSkill=5.0 | games=1 | roles=1 | leaders=0 | thinkers=4 | balanced=0
[2025-11-30 14:16:25] Team summary: Team 2 | size=4 | avgSkill=5.0 | games=1 | roles=1 | leaders=0 | thinkers=4 | balanced=0
[2025-11-30 14:16:25] TeamBuilder: building teams. participants=6, teamSize=4
[2025-11-30 14:16:25] TeamBuilder: global average skill=6.0
[2025-11-30 14:16:25] TeamBuilder: no small teams to fix (minSize=3).
[2025-11-30 14:16:25] TeamBuilder: created 2 teams.
[2025-11-30 14:16:25] Team summary: Team 1 | size=3 | avgSkill=6.0 | games=1 | roles=1 | leaders=3 | thinkers=0 | balanced=0
[2025-11-30 14:16:25] Team summary: Team 2 | size=3 | avgSkill=6.0 | games=1 | roles=1 | leaders=3 | thinkers=0 | balanced=0
[2025-11-30 14:16:29] TeamBuilder: building teams. participants=6, teamSize=4
[2025-11-30 14:16:29] TeamBuilder: global average skill=5.0
[2025-11-30 14:16:29] Small team detected: Team 2 | size=2
[2025-11-30 14:16:29] TeamBuilder: fixing small teams (<3). Small teams=1
[2025-11-30 14:16:29] Redistributing members from small team: Team 2
[2025-11-30 14:16:29] Excluding team from candidate list: Team 2
[2025-11-30 14:16:29] Moving participant P5 from Team 2 to Team 1
[2025-11-30 14:16:29] Excluding team from candidate list: Team 2
[2025-11-30 14:16:29] Moving participant P3 from Team 2 to Team 1
[2025-11-30 14:16:29] TeamBuilder: after fixing, totalTeams=1
[2025-11-30 14:16:29] TeamBuilder: created 1 teams.
[2025-11-30 14:16:29] Team summary: Team 1 | size=6 | avgSkill=5.0 | games=1 | roles=1 | leaders=0 | thinkers=0 | balanced=6
[2025-11-30 14:16:29] TeamBuilder: building teams. participants=8, teamSize=4
[2025-11-30 14:16:29] TeamBuilder: global average skill=5.0
[2025-11-30 14:16:29] TeamBuilder: no small teams to fix (minSize=3).
[2025-11-30 14:16:29] TeamBuilder: created 2 teams.
[2025-11-30 14:16:29] Team summary: Team 1 | size=4 | avgSkill=5.0 | games=1 | roles=1 | leaders=0 | thinkers=4 | balanced=0
[2025-11-30 14:16:29] Team summary: Team 2 | size=4 | avgSkill=5.0 | games=1 | roles=1 | leaders=0 | thinkers=4 | balanced=0
[2025-11-30 14:16:29] TeamBuilder: building teams. participants=6, teamSize=4
[2025-11-30 14:16:29] TeamBuilder: global average skill=6.0
[2025-11-30 14:16:29] Small team detected: Team 2 | size=2
[2025-11-30 14:16:29] TeamBuilder: fixing small teams (<3). Small teams=1
[2025-11-30 14:16:29] Redistributing members from small team: Team 2
[2025-11-30 14:16:29] Excluding team from candidate list: Team 2
[2025-11-30 14:16:29] Moving participant L3 from Team 2 to Team 1
[2025-11-30 14:16:29] Excluding team from candidate list: Team 2
[2025-11-30 14:16:29] Moving participant L6 from Team 2 to Team 1
[2025-11-30 14:16:29] TeamBuilder: after fixing, totalTeams=1
[2025-11-30 14:16:29] TeamBuilder: created 1 teams.
[2025-11-30 14:16:29] Team summary: Team 1 | size=6 | avgSkill=6.0 | games=1 | roles=1 | leaders=6 | thinkers=0 | balanced=0
[2025-11-30 14:33:11] TeamBuilder: building teams. participants=6, teamSize=4
[2025-11-30 14:33:11] TeamBuilder: global average skill=5.0
[2025-11-30 14:33:11] Small team detected: Team 2 | size=2
[2025-11-30 14:33:11] TeamBuilder: fixing small teams (<3). Small teams=1
[2025-11-30 14:33:11] Redistributing members from small team: Team 2
[2025-11-30 14:33:11] Excluding team from candidate list: Team 2
[2025-11-30 14:33:11] Moving participant P5 from Team 2 to Team 1
[2025-11-30 14:33:11] Excluding team from candidate list: Team 2
[2025-11-30 14:33:11] Moving participant P1 from Team 2 to Team 1
[2025-11-30 14:33:11] TeamBuilder: after fixing, totalTeams=1
[2025-11-30 14:33:11] TeamBuilder: created 1 teams.
[2025-11-30 14:33:11] Team summary: Team 1 | size=6 | avgSkill=5.0 | games=1 | roles=1 | leaders=0 | thinkers=0 | balanced=6
[2025-11-30 14:33:11] TeamBuilder: building teams. participants=6, teamSize=3
[2025-11-30 14:33:11] TeamBuilder: global average skill=5.5
[2025-11-30 14:33:11] TeamBuilder: no small teams to fix (minSize=3).
[2025-11-30 14:33:11] TeamBuilder: created 2 teams.
[2025-11-30 14:33:11] Team summary: Team 1 | size=3 | avgSkill=6.0 | games=1 | roles=3 | leaders=0 | thinkers=0 | balanced=3
[2025-11-30 14:33:11] Team summary: Team 2 | size=3 | avgSkill=5.0 | games=1 | roles=2 | leaders=0 | thinkers=0 | balanced=3
[2025-11-30 14:33:11] TeamBuilder: building teams. participants=5, teamSize=4
[2025-11-30 14:33:11] TeamBuilder: global average skill=5.6
[2025-11-30 14:33:11] Small team detected: Team 1 | size=2
[2025-11-30 14:33:11] TeamBuilder: fixing small teams (<3). Small teams=1
[2025-11-30 14:33:11] Redistributing members from small team: Team 1
[2025-11-30 14:33:11] Excluding team from candidate list: Team 1
[2025-11-30 14:33:11] Moving participant A from Team 1 to Team 2
[2025-11-30 14:33:11] Excluding team from candidate list: Team 1
[2025-11-30 14:33:11] Moving participant B from Team 1 to Team 2
[2025-11-30 14:33:11] TeamBuilder: after fixing, totalTeams=1
[2025-11-30 14:33:11] TeamBuilder: created 1 teams.
[2025-11-30 14:33:11] Team summary: Team 2 | size=5 | avgSkill=5.6 | games=1 | roles=4 | leaders=0 | thinkers=0 | balanced=5
[2025-11-30 14:33:11] TeamBuilder: building teams. participants=5, teamSize=3
[2025-11-30 14:33:11] TeamBuilder: global average skill=5.0
[2025-11-30 14:33:11] Small team detected: Team 2 | size=2
[2025-11-30 14:33:11] TeamBuilder: fixing small teams (<3). Small teams=1
[2025-11-30 14:33:11] Redistributing members from small team: Team 2
[2025-11-30 14:33:11] Excluding team from candidate list: Team 2
[2025-11-30 14:33:11] Moving participant P5 from Team 2 to Team 1
[2025-11-30 14:33:11] Excluding team from candidate list: Team 2
[2025-11-30 14:33:11] Moving participant P2 from Team 2 to Team 1
[2025-11-30 14:33:11] TeamBuilder: after fixing, totalTeams=1
[2025-11-30 14:33:11] TeamBuilder: created 1 teams.
[2025-11-30 14:33:11] Team summary: Team 1 | size=5 | avgSkill=5.0 | games=1 | roles=1 | leaders=0 | thinkers=0 | balanced=5
[2025-11-30 14:33:11] TeamBuilder: no participants available to build teams.
[2025-11-30 14:33:11] TeamBuilder: building teams. participants=8, teamSize=4
[2025-11-30 14:33:11] TeamBuilder: global average skill=5.0
[2025-11-30 14:33:11] TeamBuilder: no small teams to fix (minSize=3).
[2025-11-30 14:33:11] TeamBuilder: created 2 teams.
[2025-11-30 14:33:11] Team summary: Team 1 | size=4 | avgSkill=5.0 | games=1 | roles=1 | leaders=0 | thinkers=4 | balanced=0
[2025-11-30 14:33:11] Team summary: Team 2 | size=4 | avgSkill=5.0 | games=1 | roles=1 | leaders=0 | thinkers=4 | balanced=0
[2025-11-30 14:33:11] TeamBuilder: building teams. participants=6, teamSize=4
[2025-11-30 14:33:11] TeamBuilder: global average skill=6.0
[2025-11-30 14:33:11] Small team detected: Team 2 | size=2
[2025-11-30 14:33:11] TeamBuilder: fixing small teams (<3). Small teams=1
[2025-11-30 14:33:11] Redistributing members from small team: Team 2
[2025-11-30 14:33:11] Excluding team from candidate list: Team 2
[2025-11-30 14:33:11] Moving participant L2 from Team 2 to Team 1
[2025-11-30 14:33:11] Excluding team from candidate list: Team 2
[2025-11-30 14:33:11] Moving participant L6 from Team 2 to Team 1
[2025-11-30 14:33:11] TeamBuilder: after fixing, totalTeams=1
[2025-11-30 14:33:11] TeamBuilder: created 1 teams.
[2025-11-30 14:33:11] Team summary: Team 1 | size=6 | avgSkill=6.0 | games=1 | roles=1 | leaders=6 | thinkers=0 | balanced=0
[2025-11-30 14:33:11] TeamBuilder: building teams. participants=10, teamSize=4
[2025-11-30 14:33:11] TeamBuilder: global average skill=5.5
[2025-11-30 14:33:11] TeamBuilder: no small teams to fix (minSize=3).
[2025-11-30 14:33:11] TeamBuilder: created 3 teams.
[2025-11-30 14:33:11] Team summary: Team 1 | size=4 | avgSkill=5.5 | games=2 | roles=2 | leaders=1 | thinkers=0 | balanced=3
[2025-11-30 14:33:11] Team summary: Team 2 | size=3 | avgSkill=5.333333333333333 | games=2 | roles=2 | leaders=1 | thinkers=0 | balanced=2
[2025-11-30 14:33:11] Team summary: Team 3 | size=3 | avgSkill=5.666666666666667 | games=2 | roles=2 | leaders=0 | thinkers=0 | balanced=3
[2025-11-30 14:33:11] Excluding team from candidate list: B
[2025-11-30 14:33:27] No existing participant accounts file found.
[2025-11-30 14:33:27] Application started
[2025-11-30 14:33:36] Organizer login FAILED for username=organizer
[2025-11-30 14:33:36] Organizer login failed
[2025-11-30 14:36:53] Loaded 7 participant accounts from file.
[2025-11-30 14:36:53] Application started
[2025-11-30 14:37:06] Organizer login success for username=organizer
[2025-11-30 14:37:06] Organizer logged in
[2025-11-30 14:37:38] Organizer attempted to load participants but file was empty/invalid: participants_sample.csv
[2025-11-30 14:37:59] CSV load finished with 100 participants from C:\Users\thiru\OneDrive\Documents\Stage 2\SEM 1\OOP\Coursework2601\src\teammate\auth\participants_sample.csv
[2025-11-30 14:37:59] Organizer loaded 100 participants from CSV: C:\Users\thiru\OneDrive\Documents\Stage 2\SEM 1\OOP\Coursework2601\src\teammate\auth\participants_sample.csv
[2025-11-30 14:38:02] Starting TeamFormationTask via ExecutorService. teamSize=5
[2025-11-30 14:38:02] TeamFormationTask START. participants=100, teamSize=5
[2025-11-30 14:38:02] TeamBuilder: building teams. participants=100, teamSize=5
[2025-11-30 14:38:02] TeamBuilder: global average skill=5.56
[2025-11-30 14:38:02] TeamBuilder: no small teams to fix (minSize=3).
[2025-11-30 14:38:02] TeamBuilder: created 20 teams.
[2025-11-30 14:38:02] Team summary: Team 1 | size=5 | avgSkill=5.6 | games=5 | roles=5 | leaders=1 | thinkers=1 | balanced=3
[2025-11-30 14:38:02] Team summary: Team 2 | size=5 | avgSkill=6.0 | games=5 | roles=5 | leaders=2 | thinkers=1 | balanced=2
[2025-11-30 14:38:02] Team summary: Team 3 | size=5 | avgSkill=5.4 | games=5 | roles=4 | leaders=2 | thinkers=0 | balanced=3
[2025-11-30 14:38:02] Team summary: Team 4 | size=5 | avgSkill=5.4 | games=4 | roles=5 | leaders=2 | thinkers=3 | balanced=0
[2025-11-30 14:38:02] Team summary: Team 5 | size=5 | avgSkill=5.8 | games=5 | roles=5 | leaders=1 | thinkers=1 | balanced=3
[2025-11-30 14:38:02] Team summary: Team 6 | size=5 | avgSkill=5.6 | games=4 | roles=5 | leaders=2 | thinkers=2 | balanced=1
[2025-11-30 14:38:02] Team summary: Team 7 | size=5 | avgSkill=5.6 | games=5 | roles=4 | leaders=2 | thinkers=2 | balanced=1
[2025-11-30 14:38:02] Team summary: Team 8 | size=5 | avgSkill=5.8 | games=5 | roles=5 | leaders=2 | thinkers=1 | balanced=2
[2025-11-30 14:38:02] Team summary: Team 9 | size=5 | avgSkill=5.6 | games=4 | roles=5 | leaders=2 | thinkers=2 | balanced=1
[2025-11-30 14:38:02] Team summary: Team 10 | size=5 | avgSkill=6.0 | games=5 | roles=5 | leaders=1 | thinkers=3 | balanced=1
[2025-11-30 14:38:02] Team summary: Team 11 | size=5 | avgSkill=5.6 | games=5 | roles=4 | leaders=2 | thinkers=2 | balanced=1
[2025-11-30 14:38:02] Team summary: Team 12 | size=5 | avgSkill=5.2 | games=5 | roles=5 | leaders=2 | thinkers=1 | balanced=2
[2025-11-30 14:38:02] Team summary: Team 13 | size=5 | avgSkill=5.4 | games=5 | roles=5 | leaders=2 | thinkers=1 | balanced=2
[2025-11-30 14:38:02] Team summary: Team 14 | size=5 | avgSkill=4.8 | games=4 | roles=4 | leaders=2 | thinkers=1 | balanced=2
[2025-11-30 14:38:02] Team summary: Team 15 | size=5 | avgSkill=5.0 | games=5 | roles=5 | leaders=1 | thinkers=2 | balanced=2
[2025-11-30 14:38:02] Team summary: Team 16 | size=5 | avgSkill=5.8 | games=5 | roles=5 | leaders=1 | thinkers=2 | balanced=2
[2025-11-30 14:38:02] Team summary: Team 17 | size=5 | avgSkill=6.0 | games=5 | roles=5 | leaders=2 | thinkers=2 | balanced=1
[2025-11-30 14:38:02] Team summary: Team 18 | size=5 | avgSkill=6.0 | games=5 | roles=5 | leaders=1 | thinkers=2 | balanced=2
[2025-11-30 14:38:02] Team summary: Team 19 | size=5 | avgSkill=5.0 | games=5 | roles=4 | leaders=2 | thinkers=3 | balanced=0
[2025-11-30 14:38:02] Team summary: Team 20 | size=5 | avgSkill=5.6 | games=4 | roles=5 | leaders=2 | thinkers=1 | balanced=2
[2025-11-30 14:38:02] TeamFormationTask END. teamsFormed=20
[2025-11-30 14:38:02] Teams formed: 20 with team size 5
[2025-11-30 14:38:07] Starting TeamFormationTask via ExecutorService. teamSize=7
[2025-11-30 14:38:32] Starting TeamFormationTask via ExecutorService. teamSize=7
[2025-11-30 14:39:03] Loaded 7 participant accounts from file.
[2025-11-30 14:39:03] Application started
[2025-11-30 14:39:10] Organizer login success for username=organizer
[2025-11-30 14:39:10] Organizer logged in
[2025-11-30 14:39:21] CSV load finished with 100 participants from C:\Users\thiru\OneDrive\Documents\Stage 2\SEM 1\OOP\Coursework2601\src\teammate\auth\participants_sample.csv
[2025-11-30 14:39:21] Organizer loaded 100 participants from CSV: C:\Users\thiru\OneDrive\Documents\Stage 2\SEM 1\OOP\Coursework2601\src\teammate\auth\participants_sample.csv
[2025-11-30 14:39:24] Starting TeamFormationTask via ExecutorService. teamSize=7
[2025-11-30 14:39:24] TeamFormationTask START. participants=100, teamSize=7
[2025-11-30 14:39:24] TeamBuilder: building teams. participants=100, teamSize=7
[2025-11-30 14:39:24] TeamBuilder: global average skill=5.56
[2025-11-30 14:39:24] TeamBuilder: no small teams to fix (minSize=3).
[2025-11-30 14:39:24] TeamBuilder: created 15 teams.
[2025-11-30 14:39:24] Team summary: Team 1 | size=7 | avgSkill=5.428571428571429 | games=5 | roles=5 | leaders=3 | thinkers=3 | balanced=1
[2025-11-30 14:39:24] Team summary: Team 2 | size=7 | avgSkill=5.285714285714286 | games=5 | roles=5 | leaders=2 | thinkers=3 | balanced=2
[2025-11-30 14:39:24] Team summary: Team 3 | size=7 | avgSkill=5.428571428571429 | games=6 | roles=5 | leaders=2 | thinkers=3 | balanced=2
[2025-11-30 14:39:24] Team summary: Team 4 | size=7 | avgSkill=5.857142857142857 | games=6 | roles=5 | leaders=2 | thinkers=2 | balanced=3
[2025-11-30 14:39:24] Team summary: Team 5 | size=7 | avgSkill=5.285714285714286 | games=6 | roles=4 | leaders=1 | thinkers=3 | balanced=3
[2025-11-30 14:39:24] Team summary: Team 6 | size=7 | avgSkill=5.285714285714286 | games=5 | roles=5 | leaders=3 | thinkers=2 | balanced=2
[2025-11-30 14:39:24] Team summary: Team 7 | size=7 | avgSkill=5.285714285714286 | games=5 | roles=5 | leaders=3 | thinkers=2 | balanced=2
[2025-11-30 14:39:24] Team summary: Team 8 | size=6 | avgSkill=5.666666666666667 | games=6 | roles=5 | leaders=2 | thinkers=3 | balanced=1
[2025-11-30 14:39:24] Team summary: Team 9 | size=7 | avgSkill=5.428571428571429 | games=6 | roles=5 | leaders=2 | thinkers=1 | balanced=4
[2025-11-30 14:39:24] Team summary: Team 10 | size=7 | avgSkill=5.428571428571429 | games=6 | roles=5 | leaders=2 | thinkers=2 | balanced=3
[2025-11-30 14:39:24] Team summary: Team 11 | size=7 | avgSkill=5.428571428571429 | games=5 | roles=5 | leaders=3 | thinkers=3 | balanced=1
[2025-11-30 14:39:24] Team summary: Team 12 | size=7 | avgSkill=5.428571428571429 | games=5 | roles=5 | leaders=2 | thinkers=1 | balanced=4
[2025-11-30 14:39:24] Team summary: Team 13 | size=5 | avgSkill=6.6 | games=5 | roles=4 | leaders=2 | thinkers=3 | balanced=0
[2025-11-30 14:39:24] Team summary: Team 14 | size=6 | avgSkill=5.5 | games=5 | roles=5 | leaders=3 | thinkers=0 | balanced=3
[2025-11-30 14:39:24] Team summary: Team 15 | size=6 | avgSkill=6.5 | games=6 | roles=5 | leaders=2 | thinkers=2 | balanced=2
[2025-11-30 14:39:24] TeamFormationTask END. teamsFormed=15
[2025-11-30 14:39:24] Teams formed: 15 with team size 7
[2025-11-30 14:40:08] Starting TeamFormationTask via ExecutorService. teamSize=6
[2025-11-30 14:40:32] Starting TeamFormationTask via ExecutorService. teamSize=7
[2025-11-30 14:41:48] Loaded 7 participant accounts from file.
[2025-11-30 14:41:48] Application started
[2025-11-30 14:41:58] Organizer login success for username=organizer
[2025-11-30 14:41:58] Organizer logged in
[2025-11-30 14:42:11] CSV load finished with 100 participants from C:\Users\thiru\OneDrive\Documents\Stage 2\SEM 1\OOP\Coursework2601\src\teammate\auth\participants_sample.csv
[2025-11-30 14:42:11] Organizer loaded 100 participants from CSV: C:\Users\thiru\OneDrive\Documents\Stage 2\SEM 1\OOP\Coursework2601\src\teammate\auth\participants_sample.csv
[2025-11-30 14:42:16] Starting TeamFormationTask via ExecutorService. teamSize=7
[2025-11-30 14:42:16] TeamFormationTask START. participants=100, teamSize=7
[2025-11-30 14:42:16] TeamBuilder: building teams. participants=100, teamSize=7
[2025-11-30 14:42:16] TeamBuilder: global average skill=5.56
[2025-11-30 14:42:16] TeamBuilder: no small teams to fix (minSize=3).
[2025-11-30 14:42:16] TeamBuilder: created 15 teams.
[2025-11-30 14:42:16] Team summary: Team 1 | size=7 | avgSkill=5.285714285714286 | games=5 | roles=5 | leaders=2 | thinkers=2 | balanced=3
[2025-11-30 14:42:16] Team summary: Team 2 | size=7 | avgSkill=5.428571428571429 | games=6 | roles=5 | leaders=3 | thinkers=2 | balanced=2
[2025-11-30 14:42:16] Team summary: Team 3 | size=7 | avgSkill=5.571428571428571 | games=5 | roles=5 | leaders=2 | thinkers=2 | balanced=3
[2025-11-30 14:42:16] Team summary: Team 4 | size=7 | avgSkill=5.857142857142857 | games=6 | roles=5 | leaders=2 | thinkers=2 | balanced=3
[2025-11-30 14:42:16] Team summary: Team 5 | size=7 | avgSkill=5.285714285714286 | games=6 | roles=5 | leaders=3 | thinkers=2 | balanced=2
[2025-11-30 14:42:16] Team summary: Team 6 | size=6 | avgSkill=5.666666666666667 | games=5 | roles=5 | leaders=2 | thinkers=2 | balanced=2
[2025-11-30 14:42:16] Team summary: Team 7 | size=6 | avgSkill=5.833333333333333 | games=6 | roles=5 | leaders=2 | thinkers=2 | balanced=2
[2025-11-30 14:42:16] Team summary: Team 8 | size=7 | avgSkill=5.428571428571429 | games=6 | roles=5 | leaders=2 | thinkers=3 | balanced=2
[2025-11-30 14:42:16] Team summary: Team 9 | size=7 | avgSkill=5.285714285714286 | games=5 | roles=5 | leaders=4 | thinkers=2 | balanced=1
[2025-11-30 14:42:16] Team summary: Team 10 | size=7 | avgSkill=5.142857142857143 | games=6 | roles=5 | leaders=2 | thinkers=3 | balanced=2
[2025-11-30 14:42:16] Team summary: Team 11 | size=7 | avgSkill=5.285714285714286 | games=6 | roles=5 | leaders=2 | thinkers=3 | balanced=2
[2025-11-30 14:42:16] Team summary: Team 12 | size=6 | avgSkill=5.833333333333333 | games=6 | roles=5 | leaders=2 | thinkers=2 | balanced=2
[2025-11-30 14:42:16] Team summary: Team 13 | size=7 | avgSkill=5.142857142857143 | games=6 | roles=5 | leaders=2 | thinkers=2 | balanced=3
[2025-11-30 14:42:16] Team summary: Team 14 | size=6 | avgSkill=6.333333333333333 | games=5 | roles=5 | leaders=2 | thinkers=2 | balanced=2
[2025-11-30 14:42:16] Team summary: Team 15 | size=6 | avgSkill=6.333333333333333 | games=5 | roles=5 | leaders=2 | thinkers=2 | balanced=2
[2025-11-30 14:42:16] TeamFormationTask END. teamsFormed=15
[2025-11-30 14:42:16] Teams formed: 15 with team size 7
[2025-11-30 14:42:19] Starting TeamFormationTask via ExecutorService. teamSize=6
[2025-11-30 14:42:51] Starting TeamFormationTask via ExecutorService. teamSize=5
[2025-11-30 14:43:53] Loaded 7 participant accounts from file.
[2025-11-30 14:43:53] Application started
[2025-11-30 14:44:04] Organizer login success for username=organizer
[2025-11-30 14:44:04] Organizer logged in
[2025-11-30 14:44:09] CSV load finished with 100 participants from C:\Users\thiru\OneDrive\Documents\Stage 2\SEM 1\OOP\Coursework2601\src\teammate\auth\participants_sample.csv
[2025-11-30 14:44:09] Organizer loaded 100 participants from CSV: C:\Users\thiru\OneDrive\Documents\Stage 2\SEM 1\OOP\Coursework2601\src\teammate\auth\participants_sample.csv
[2025-11-30 14:44:12] Starting TeamFormationTask via ExecutorService. teamSize=4
[2025-11-30 14:44:12] TeamFormationTask START. participants=100, teamSize=4
[2025-11-30 14:44:12] TeamBuilder: building teams. participants=100, teamSize=4
[2025-11-30 14:44:12] TeamBuilder: global average skill=5.56
[2025-11-30 14:44:12] TeamBuilder: no small teams to fix (minSize=3).
[2025-11-30 14:44:12] TeamBuilder: created 25 teams.
[2025-11-30 14:44:12] Team summary: Team 1 | size=4 | avgSkill=6.75 | games=4 | roles=4 | leaders=1 | thinkers=2 | balanced=1
[2025-11-30 14:44:12] Team summary: Team 2 | size=4 | avgSkill=5.5 | games=4 | roles=4 | leaders=2 | thinkers=1 | balanced=1
[2025-11-30 14:44:12] Team summary: Team 3 | size=4 | avgSkill=6.5 | games=4 | roles=4 | leaders=1 | thinkers=1 | balanced=2
[2025-11-30 14:44:12] Team summary: Team 4 | size=4 | avgSkill=5.75 | games=4 | roles=4 | leaders=2 | thinkers=1 | balanced=1
[2025-11-30 14:44:12] Team summary: Team 5 | size=4 | avgSkill=5.0 | games=3 | roles=4 | leaders=1 | thinkers=1 | balanced=2
[2025-11-30 14:44:12] Team summary: Team 6 | size=4 | avgSkill=6.75 | games=4 | roles=4 | leaders=1 | thinkers=1 | balanced=2
[2025-11-30 14:44:12] Team summary: Team 7 | size=4 | avgSkill=5.25 | games=4 | roles=4 | leaders=1 | thinkers=1 | balanced=2
[2025-11-30 14:44:12] Team summary: Team 8 | size=4 | avgSkill=5.25 | games=3 | roles=4 | leaders=1 | thinkers=2 | balanced=1
[2025-11-30 14:44:12] Team summary: Team 9 | size=4 | avgSkill=5.75 | games=4 | roles=4 | leaders=2 | thinkers=1 | balanced=1
[2025-11-30 14:44:12] Team summary: Team 10 | size=4 | avgSkill=4.75 | games=3 | roles=4 | leaders=2 | thinkers=2 | balanced=0
[2025-11-30 14:44:12] Team summary: Team 11 | size=4 | avgSkill=5.5 | games=4 | roles=4 | leaders=1 | thinkers=1 | balanced=2
[2025-11-30 14:44:12] Team summary: Team 12 | size=4 | avgSkill=5.0 | games=4 | roles=4 | leaders=1 | thinkers=1 | balanced=2
[2025-11-30 14:44:12] Team summary: Team 13 | size=4 | avgSkill=5.0 | games=4 | roles=4 | leaders=2 | thinkers=1 | balanced=1
[2025-11-30 14:44:12] Team summary: Team 14 | size=4 | avgSkill=6.0 | games=4 | roles=4 | leaders=1 | thinkers=1 | balanced=2
[2025-11-30 14:44:12] Team summary: Team 15 | size=4 | avgSkill=5.75 | games=4 | roles=4 | leaders=2 | thinkers=2 | balanced=0
[2025-11-30 14:44:12] Team summary: Team 16 | size=4 | avgSkill=5.0 | games=4 | roles=4 | leaders=2 | thinkers=2 | balanced=0
[2025-11-30 14:44:12] Team summary: Team 17 | size=4 | avgSkill=5.0 | games=4 | roles=4 | leaders=1 | thinkers=1 | balanced=2
[2025-11-30 14:44:12] Team summary: Team 18 | size=4 | avgSkill=5.75 | games=4 | roles=4 | leaders=1 | thinkers=1 | balanced=2
[2025-11-30 14:44:12] Team summary: Team 19 | size=4 | avgSkill=5.75 | games=4 | roles=4 | leaders=1 | thinkers=1 | balanced=2
[2025-11-30 14:44:12] Team summary: Team 20 | size=4 | avgSkill=5.25 | games=4 | roles=4 | leaders=1 | thinkers=1 | balanced=2
[2025-11-30 14:44:12] Team summary: Team 21 | size=4 | avgSkill=4.75 | games=3 | roles=3 | leaders=2 | thinkers=2 | balanced=0
[2025-11-30 14:44:12] Team summary: Team 22 | size=4 | avgSkill=5.75 | games=4 | roles=3 | leaders=2 | thinkers=1 | balanced=1
[2025-11-30 14:44:12] Team summary: Team 23 | size=4 | avgSkill=5.75 | games=4 | roles=4 | leaders=1 | thinkers=2 | balanced=1
[2025-11-30 14:44:12] Team summary: Team 24 | size=4 | avgSkill=6.0 | games=3 | roles=4 | leaders=1 | thinkers=1 | balanced=2
[2025-11-30 14:44:12] Team summary: Team 25 | size=4 | avgSkill=5.5 | games=4 | roles=4 | leaders=1 | thinkers=2 | balanced=1
[2025-11-30 14:44:12] TeamFormationTask END. teamsFormed=25
[2025-11-30 14:44:12] Teams formed: 25 with team size 4
[2025-11-30 14:44:15] Starting TeamFormationTask via ExecutorService. teamSize=6
[2025-11-30 14:48:19] Starting TeamFormationTask via ExecutorService. teamSize=5
[2025-11-30 14:48:49] Teams saved to CSV: src\teammate\TeamMembers\teams_20251130_144849.csv (teams=25)
[2025-11-30 14:48:49] Teams exported to CSV: src\teammate\TeamMembers\teams_20251130_144849.csv
[2025-11-30 14:48:52] Starting TeamFormationTask via ExecutorService. teamSize=6
[2025-11-30 14:54:52] Loaded 7 participant accounts from file.
[2025-11-30 14:54:52] Application started
[2025-11-30 14:57:50] Organizer login success for username=organizer
[2025-11-30 14:57:50] Organizer logged in
[2025-11-30 14:58:14] CSV load finished with 100 participants from C:\Users\thiru\OneDrive\Documents\Stage 2\SEM 1\OOP\Coursework2601\src\teammate\auth\participants_sample.csv
[2025-11-30 14:58:14] Organizer loaded 100 participants from CSV: C:\Users\thiru\OneDrive\Documents\Stage 2\SEM 1\OOP\Coursework2601\src\teammate\auth\participants_sample.csv
[2025-11-30 14:58:19] Starting TeamFormationTask via ExecutorService. teamSize=5
[2025-11-30 14:58:19] TeamFormationTask START. participants=100, teamSize=5
[2025-11-30 14:58:19] TeamBuilder: building teams. participants=100, teamSize=5
[2025-11-30 14:58:20] TeamBuilder: global average skill=5.56
[2025-11-30 14:58:20] TeamBuilder: no small teams to fix (minSize=3).
[2025-11-30 14:58:20] TeamBuilder: created 20 teams.
[2025-11-30 14:58:20] Team summary: Team 1 | size=5 | avgSkill=6.0 | games=5 | roles=5 | leaders=1 | thinkers=2 | balanced=2
[2025-11-30 14:58:20] Team summary: Team 2 | size=5 | avgSkill=5.4 | games=5 | roles=5 | leaders=2 | thinkers=2 | balanced=1
[2025-11-30 14:58:20] Team summary: Team 3 | size=5 | avgSkill=4.8 | games=4 | roles=5 | leaders=2 | thinkers=2 | balanced=1
[2025-11-30 14:58:20] Team summary: Team 4 | size=5 | avgSkill=5.8 | games=5 | roles=5 | leaders=1 | thinkers=2 | balanced=2
[2025-11-30 14:58:20] Team summary: Team 5 | size=5 | avgSkill=5.4 | games=5 | roles=4 | leaders=2 | thinkers=2 | balanced=1
[2025-11-30 14:58:20] Team summary: Team 6 | size=5 | avgSkill=5.2 | games=5 | roles=4 | leaders=2 | thinkers=2 | balanced=1
[2025-11-30 14:58:20] Team summary: Team 7 | size=5 | avgSkill=5.6 | games=5 | roles=4 | leaders=1 | thinkers=2 | balanced=2
[2025-11-30 14:58:20] Team summary: Team 8 | size=5 | avgSkill=6.0 | games=4 | roles=5 | leaders=1 | thinkers=1 | balanced=3
[2025-11-30 14:58:20] Team summary: Team 9 | size=5 | avgSkill=5.4 | games=5 | roles=4 | leaders=2 | thinkers=1 | balanced=2
[2025-11-30 14:58:20] Team summary: Team 10 | size=5 | avgSkill=5.4 | games=5 | roles=4 | leaders=2 | thinkers=2 | balanced=1
[2025-11-30 14:58:20] Team summary: Team 11 | size=5 | avgSkill=5.8 | games=4 | roles=5 | leaders=2 | thinkers=1 | balanced=2
[2025-11-30 14:58:20] Team summary: Team 12 | size=5 | avgSkill=5.2 | games=5 | roles=5 | leaders=1 | thinkers=2 | balanced=2
[2025-11-30 14:58:20] Team summary: Team 13 | size=5 | avgSkill=6.0 | games=5 | roles=4 | leaders=2 | thinkers=1 | balanced=2
[2025-11-30 14:58:20] Team summary: Team 14 | size=5 | avgSkill=5.8 | games=5 | roles=4 | leaders=2 | thinkers=2 | balanced=1
[2025-11-30 14:58:20] Team summary: Team 15 | size=5 | avgSkill=5.0 | games=5 | roles=4 | leaders=1 | thinkers=2 | balanced=2
[2025-11-30 14:58:20] Team summary: Team 16 | size=5 | avgSkill=5.8 | games=5 | roles=4 | leaders=2 | thinkers=2 | balanced=1
[2025-11-30 14:58:20] Team summary: Team 17 | size=5 | avgSkill=5.6 | games=4 | roles=5 | leaders=2 | thinkers=1 | balanced=2
[2025-11-30 14:58:20] Team summary: Team 18 | size=5 | avgSkill=5.8 | games=4 | roles=5 | leaders=2 | thinkers=1 | balanced=2
[2025-11-30 14:58:20] Team summary: Team 19 | size=5 | avgSkill=5.2 | games=5 | roles=4 | leaders=2 | thinkers=1 | balanced=2
[2025-11-30 14:58:20] Team summary: Team 20 | size=5 | avgSkill=6.0 | games=5 | roles=5 | leaders=2 | thinkers=2 | balanced=1
[2025-11-30 14:58:20] TeamFormationTask END. teamsFormed=20
[2025-11-30 14:58:20] Teams formed: 20 with team size 5
[2025-11-30 14:58:23] Starting TeamFormationTask via ExecutorService. teamSize=5
[2025-11-30 14:58:23] TeamFormationTask START. participants=100, teamSize=5
[2025-11-30 14:58:23] TeamBuilder: building teams. participants=100, teamSize=5
[2025-11-30 14:58:23] TeamBuilder: global average skill=5.56
[2025-11-30 14:58:23] TeamBuilder: no small teams to fix (minSize=3).
[2025-11-30 14:58:23] TeamBuilder: created 20 teams.
[2025-11-30 14:58:23] Team summary: Team 1 | size=5 | avgSkill=6.6 | games=5 | roles=4 | leaders=2 | thinkers=1 | balanced=2
[2025-11-30 14:58:23] Team summary: Team 2 | size=5 | avgSkill=6.6 | games=5 | roles=4 | leaders=1 | thinkers=1 | balanced=3
[2025-11-30 14:58:23] Team summary: Team 3 | size=5 | avgSkill=6.0 | games=5 | roles=5 | leaders=2 | thinkers=2 | balanced=1
[2025-11-30 14:58:23] Team summary: Team 4 | size=5 | avgSkill=5.4 | games=5 | roles=5 | leaders=1 | thinkers=2 | balanced=2
[2025-11-30 14:58:23] Team summary: Team 5 | size=5 | avgSkill=5.4 | games=5 | roles=4 | leaders=2 | thinkers=2 | balanced=1
[2025-11-30 14:58:23] Team summary: Team 6 | size=5 | avgSkill=5.2 | games=4 | roles=4 | leaders=2 | thinkers=1 | balanced=2
[2025-11-30 14:58:23] Team summary: Team 7 | size=5 | avgSkill=5.6 | games=5 | roles=4 | leaders=2 | thinkers=2 | balanced=1
[2025-11-30 14:58:23] Team summary: Team 8 | size=5 | avgSkill=5.4 | games=5 | roles=4 | leaders=3 | thinkers=1 | balanced=1
[2025-11-30 14:58:23] Team summary: Team 9 | size=5 | avgSkill=5.2 | games=5 | roles=4 | leaders=1 | thinkers=2 | balanced=2
[2025-11-30 14:58:23] Team summary: Team 10 | size=5 | avgSkill=5.8 | games=5 | roles=5 | leaders=1 | thinkers=2 | balanced=2
[2025-11-30 14:58:23] Team summary: Team 11 | size=5 | avgSkill=5.2 | games=4 | roles=4 | leaders=2 | thinkers=2 | balanced=1
[2025-11-30 14:58:23] Team summary: Team 12 | size=5 | avgSkill=5.6 | games=5 | roles=5 | leaders=2 | thinkers=2 | balanced=1
[2025-11-30 14:58:23] Team summary: Team 13 | size=5 | avgSkill=5.6 | games=5 | roles=5 | leaders=1 | thinkers=2 | balanced=2
[2025-11-30 14:58:23] Team summary: Team 14 | size=5 | avgSkill=5.6 | games=5 | roles=4 | leaders=2 | thinkers=1 | balanced=2
[2025-11-30 14:58:23] Team summary: Team 15 | size=5 | avgSkill=5.6 | games=5 | roles=4 | leaders=2 | thinkers=2 | balanced=1
[2025-11-30 14:58:23] Team summary: Team 16 | size=5 | avgSkill=5.4 | games=5 | roles=5 | leaders=1 | thinkers=2 | balanced=2
[2025-11-30 14:58:23] Team summary: Team 17 | size=5 | avgSkill=5.2 | games=5 | roles=5 | leaders=2 | thinkers=1 | balanced=2
[2025-11-30 14:58:23] Team summary: Team 18 | size=5 | avgSkill=5.2 | games=4 | roles=5 | leaders=2 | thinkers=2 | balanced=1
[2025-11-30 14:58:23] Team summary: Team 19 | size=5 | avgSkill=4.8 | games=4 | roles=5 | leaders=2 | thinkers=1 | balanced=2
[2025-11-30 14:58:23] Team summary: Team 20 | size=5 | avgSkill=5.8 | games=5 | roles=5 | leaders=1 | thinkers=2 | balanced=2
[2025-11-30 14:58:23] TeamFormationTask END. teamsFormed=20
[2025-11-30 14:58:23] Teams formed: 20 with team size 5
[2025-11-30 14:58:26] Starting TeamFormationTask via ExecutorService. teamSize=7
[2025-11-30 14:58:26] TeamFormationTask START. participants=100, teamSize=7
[2025-11-30 14:58:26] TeamBuilder: building teams. participants=100, teamSize=7
[2025-11-30 14:58:26] TeamBuilder: global average skill=5.56
[2025-11-30 14:58:26] TeamBuilder: no small teams to fix (minSize=3).
[2025-11-30 14:58:26] TeamBuilder: created 15 teams.
[2025-11-30 14:58:26] Team summary: Team 1 | size=6 | avgSkill=5.666666666666667 | games=5 | roles=5 | leaders=2 | thinkers=3 | balanced=1
[2025-11-30 14:58:26] Team summary: Team 2 | size=7 | avgSkill=5.857142857142857 | games=4 | roles=5 | leaders=2 | thinkers=2 | balanced=3
[2025-11-30 14:58:26] Team summary: Team 3 | size=6 | avgSkill=6.166666666666667 | games=5 | roles=5 | leaders=2 | thinkers=2 | balanced=2
[2025-11-30 14:58:26] Team summary: Team 4 | size=7 | avgSkill=4.714285714285714 | games=5 | roles=5 | leaders=3 | thinkers=3 | balanced=1
[2025-11-30 14:58:26] Team summary: Team 5 | size=6 | avgSkill=5.833333333333333 | games=6 | roles=5 | leaders=2 | thinkers=2 | balanced=2
[2025-11-30 14:58:26] Team summary: Team 6 | size=6 | avgSkill=5.666666666666667 | games=6 | roles=5 | leaders=2 | thinkers=2 | balanced=2
[2025-11-30 14:58:26] Team summary: Team 7 | size=7 | avgSkill=5.428571428571429 | games=6 | roles=5 | leaders=2 | thinkers=2 | balanced=3
[2025-11-30 14:58:26] Team summary: Team 8 | size=6 | avgSkill=6.5 | games=6 | roles=5 | leaders=2 | thinkers=2 | balanced=2
[2025-11-30 14:58:26] Team summary: Team 9 | size=7 | avgSkill=5.142857142857143 | games=6 | roles=5 | leaders=2 | thinkers=2 | balanced=3
[2025-11-30 14:58:26] Team summary: Team 10 | size=7 | avgSkill=5.714285714285714 | games=5 | roles=5 | leaders=3 | thinkers=2 | balanced=2
[2025-11-30 14:58:26] Team summary: Team 11 | size=7 | avgSkill=5.142857142857143 | games=6 | roles=5 | leaders=4 | thinkers=2 | balanced=1
[2025-11-30 14:58:26] Team summary: Team 12 | size=7 | avgSkill=5.714285714285714 | games=6 | roles=5 | leaders=2 | thinkers=2 | balanced=3
[2025-11-30 14:58:26] Team summary: Team 13 | size=7 | avgSkill=5.142857142857143 | games=6 | roles=5 | leaders=2 | thinkers=3 | balanced=2
[2025-11-30 14:58:26] Team summary: Team 14 | size=7 | avgSkill=5.714285714285714 | games=6 | roles=5 | leaders=2 | thinkers=2 | balanced=3
[2025-11-30 14:58:26] Team summary: Team 15 | size=7 | avgSkill=5.285714285714286 | games=5 | roles=5 | leaders=2 | thinkers=2 | balanced=3
[2025-11-30 14:58:26] TeamFormationTask END. teamsFormed=15
[2025-11-30 14:58:26] Teams formed: 15 with team size 7
