[2025-11-30 21:23:22] TeamBuilder: building teams. participants=8, teamSize=4
[2025-11-30 21:23:22] TeamBuilder: global average skill=5.0
[2025-11-30 21:23:22] TeamBuilder: no small teams to fix (minSize=3).
[2025-11-30 21:23:22] TeamBuilder: created 2 teams.
[2025-11-30 21:23:22] Team summary: Team 1 | size=4 | avgSkill=5.0 | games=2 | roles=1 | leaders=0 | thinkers=0 | balanced=4
[2025-11-30 21:23:22] Team summary: Team 2 | size=4 | avgSkill=5.0 | games=2 | roles=1 | leaders=0 | thinkers=0 | balanced=4
[2025-11-30 21:23:22] TeamBuilder: building teams. participants=6, teamSize=3
[2025-11-30 21:23:22] TeamBuilder: global average skill=5.5
[2025-11-30 21:23:22] TeamBuilder: no small teams to fix (minSize=3).
[2025-11-30 21:23:22] TeamBuilder: created 2 teams.
[2025-11-30 21:23:22] Team summary: Team 1 | size=3 | avgSkill=6.0 | games=1 | roles=3 | leaders=0 | thinkers=0 | balanced=3
[2025-11-30 21:23:22] Team summary: Team 2 | size=3 | avgSkill=5.0 | games=1 | roles=2 | leaders=0 | thinkers=0 | balanced=3
[2025-11-30 21:23:22] TeamBuilder: building teams. participants=5, teamSize=4
[2025-11-30 21:23:22] TeamBuilder: global average skill=5.6
[2025-11-30 21:23:22] Small team detected: Team 1 | size=2
[2025-11-30 21:23:22] TeamBuilder: fixing small teams (<3). Small teams=1
[2025-11-30 21:23:22] Redistributing members from small team: Team 1
[2025-11-30 21:23:22] Excluding team from candidate list: Team 1
[2025-11-30 21:23:22] Moving participant C from Team 1 to Team 2
[2025-11-30 21:23:22] Excluding team from candidate list: Team 1
[2025-11-30 21:23:22] Moving participant D from Team 1 to Team 2
[2025-11-30 21:23:22] TeamBuilder: after fixing, totalTeams=1
[2025-11-30 21:23:22] TeamBuilder: created 1 teams.
[2025-11-30 21:23:22] Team summary: Team 2 | size=5 | avgSkill=5.6 | games=1 | roles=4 | leaders=0 | thinkers=0 | balanced=5
[2025-11-30 21:23:22] TeamBuilder: building teams. participants=5, teamSize=3
[2025-11-30 21:23:22] TeamBuilder: global average skill=5.0
[2025-11-30 21:23:22] Small team detected: Team 2 | size=2
[2025-11-30 21:23:22] TeamBuilder: fixing small teams (<3). Small teams=1
[2025-11-30 21:23:22] Redistributing members from small team: Team 2
[2025-11-30 21:23:22] Excluding team from candidate list: Team 2
[2025-11-30 21:23:22] Moving participant P5 from Team 2 to Team 1
[2025-11-30 21:23:22] Excluding team from candidate list: Team 2
[2025-11-30 21:23:22] Moving participant P4 from Team 2 to Team 1
[2025-11-30 21:23:22] TeamBuilder: after fixing, totalTeams=1
[2025-11-30 21:23:22] TeamBuilder: created 1 teams.
[2025-11-30 21:23:22] Team summary: Team 1 | size=5 | avgSkill=5.0 | games=1 | roles=1 | leaders=0 | thinkers=0 | balanced=5
[2025-11-30 21:23:22] TeamBuilder: no participants available to build teams.
[2025-11-30 21:23:22] TeamBuilder: building teams. participants=8, teamSize=4
[2025-11-30 21:23:22] TeamBuilder: global average skill=5.0
[2025-11-30 21:23:22] TeamBuilder: no small teams to fix (minSize=3).
[2025-11-30 21:23:22] TeamBuilder: created 2 teams.
[2025-11-30 21:23:22] Team summary: Team 1 | size=4 | avgSkill=5.0 | games=1 | roles=1 | leaders=0 | thinkers=3 | balanced=1
[2025-11-30 21:23:22] Team summary: Team 2 | size=4 | avgSkill=5.0 | games=1 | roles=1 | leaders=0 | thinkers=3 | balanced=1
[2025-11-30 21:23:22] TeamBuilder: building teams. participants=8, teamSize=4
[2025-11-30 21:23:22] TeamBuilder: global average skill=6.0
[2025-11-30 21:23:22] TeamBuilder: no small teams to fix (minSize=3).
[2025-11-30 21:23:22] TeamBuilder: created 2 teams.
[2025-11-30 21:23:22] Team summary: Team 1 | size=4 | avgSkill=6.0 | games=1 | roles=1 | leaders=2 | thinkers=0 | balanced=2
[2025-11-30 21:23:22] Team summary: Team 2 | size=4 | avgSkill=6.0 | games=1 | roles=1 | leaders=2 | thinkers=0 | balanced=2
[2025-11-30 21:23:22] TeamBuilder: building teams. participants=10, teamSize=4
[2025-11-30 21:23:22] TeamBuilder: global average skill=5.5
[2025-11-30 21:23:22] TeamBuilder: no small teams to fix (minSize=3).
[2025-11-30 21:23:22] TeamBuilder: created 3 teams.
[2025-11-30 21:23:22] Team summary: Team 1 | size=3 | avgSkill=5.333333333333333 | games=2 | roles=2 | leaders=1 | thinkers=0 | balanced=2
[2025-11-30 21:23:22] Team summary: Team 2 | size=3 | avgSkill=5.666666666666667 | games=2 | roles=2 | leaders=0 | thinkers=0 | balanced=3
[2025-11-30 21:23:22] Team summary: Team 3 | size=4 | avgSkill=5.5 | games=2 | roles=2 | leaders=1 | thinkers=0 | balanced=3
[2025-11-30 21:23:22] Excluding team from candidate list: B
[2025-11-30 21:23:56] TeamBuilder: building teams. participants=8, teamSize=4
[2025-11-30 21:23:56] TeamBuilder: global average skill=5.0
[2025-11-30 21:23:56] TeamBuilder: no small teams to fix (minSize=3).
[2025-11-30 21:23:56] TeamBuilder: created 2 teams.
[2025-11-30 21:23:56] Team summary: Team 1 | size=4 | avgSkill=5.0 | games=2 | roles=1 | leaders=0 | thinkers=0 | balanced=4
[2025-11-30 21:23:56] Team summary: Team 2 | size=4 | avgSkill=5.0 | games=2 | roles=1 | leaders=0 | thinkers=0 | balanced=4
[2025-11-30 21:23:56] TeamBuilder: building teams. participants=6, teamSize=3
[2025-11-30 21:23:56] TeamBuilder: global average skill=5.5
[2025-11-30 21:23:56] TeamBuilder: no small teams to fix (minSize=3).
[2025-11-30 21:23:56] TeamBuilder: created 2 teams.
[2025-11-30 21:23:56] Team summary: Team 1 | size=3 | avgSkill=4.666666666666667 | games=1 | roles=2 | leaders=0 | thinkers=0 | balanced=3
[2025-11-30 21:23:56] Team summary: Team 2 | size=3 | avgSkill=6.333333333333333 | games=1 | roles=3 | leaders=0 | thinkers=0 | balanced=3
[2025-11-30 21:23:56] TeamBuilder: building teams. participants=5, teamSize=4
[2025-11-30 21:23:56] TeamBuilder: global average skill=5.6
[2025-11-30 21:23:56] Small team detected: Team 1 | size=2
[2025-11-30 21:23:56] TeamBuilder: fixing small teams (<3). Small teams=1
[2025-11-30 21:23:56] Redistributing members from small team: Team 1
[2025-11-30 21:23:56] Excluding team from candidate list: Team 1
[2025-11-30 21:23:56] Moving participant C from Team 1 to Team 2
[2025-11-30 21:23:56] Excluding team from candidate list: Team 1
[2025-11-30 21:23:56] Moving participant D from Team 1 to Team 2
[2025-11-30 21:23:56] TeamBuilder: after fixing, totalTeams=1
[2025-11-30 21:23:56] TeamBuilder: created 1 teams.
[2025-11-30 21:23:56] Team summary: Team 2 | size=5 | avgSkill=5.6 | games=1 | roles=4 | leaders=0 | thinkers=0 | balanced=5
[2025-11-30 21:23:56] TeamBuilder: building teams. participants=5, teamSize=3
[2025-11-30 21:23:56] TeamBuilder: global average skill=5.0
[2025-11-30 21:23:56] Small team detected: Team 2 | size=2
[2025-11-30 21:23:56] TeamBuilder: fixing small teams (<3). Small teams=1
[2025-11-30 21:23:56] Redistributing members from small team: Team 2
[2025-11-30 21:23:56] Excluding team from candidate list: Team 2
[2025-11-30 21:23:56] Moving participant P3 from Team 2 to Team 1
[2025-11-30 21:23:56] Excluding team from candidate list: Team 2
[2025-11-30 21:23:56] Moving participant P1 from Team 2 to Team 1
[2025-11-30 21:23:56] TeamBuilder: after fixing, totalTeams=1
[2025-11-30 21:23:56] TeamBuilder: created 1 teams.
[2025-11-30 21:23:56] Team summary: Team 1 | size=5 | avgSkill=5.0 | games=1 | roles=1 | leaders=0 | thinkers=0 | balanced=5
[2025-11-30 21:23:56] TeamBuilder: no participants available to build teams.
[2025-11-30 21:23:56] TeamBuilder: building teams. participants=8, teamSize=4
[2025-11-30 21:23:56] TeamBuilder: global average skill=5.0
[2025-11-30 21:23:56] TeamBuilder: no small teams to fix (minSize=3).
[2025-11-30 21:23:56] TeamBuilder: created 2 teams.
[2025-11-30 21:23:56] Team summary: Team 1 | size=4 | avgSkill=5.0 | games=1 | roles=1 | leaders=0 | thinkers=3 | balanced=1
[2025-11-30 21:23:56] Team summary: Team 2 | size=4 | avgSkill=5.0 | games=1 | roles=1 | leaders=0 | thinkers=3 | balanced=1
[2025-11-30 21:23:56] TeamBuilder: building teams. participants=8, teamSize=4
[2025-11-30 21:23:56] TeamBuilder: global average skill=6.0
[2025-11-30 21:23:56] TeamBuilder: no small teams to fix (minSize=3).
[2025-11-30 21:23:56] TeamBuilder: created 2 teams.
[2025-11-30 21:23:56] Team summary: Team 1 | size=4 | avgSkill=6.0 | games=1 | roles=1 | leaders=2 | thinkers=0 | balanced=2
[2025-11-30 21:23:56] Team summary: Team 2 | size=4 | avgSkill=6.0 | games=1 | roles=1 | leaders=2 | thinkers=0 | balanced=2
[2025-11-30 21:23:56] TeamBuilder: building teams. participants=10, teamSize=4
[2025-11-30 21:23:56] TeamBuilder: global average skill=5.5
[2025-11-30 21:23:56] TeamBuilder: no small teams to fix (minSize=3).
[2025-11-30 21:23:56] TeamBuilder: created 3 teams.
[2025-11-30 21:23:56] Team summary: Team 1 | size=3 | avgSkill=5.666666666666667 | games=2 | roles=2 | leaders=0 | thinkers=0 | balanced=3
[2025-11-30 21:23:56] Team summary: Team 2 | size=4 | avgSkill=5.5 | games=2 | roles=2 | leaders=1 | thinkers=0 | balanced=3
[2025-11-30 21:23:56] Team summary: Team 3 | size=3 | avgSkill=5.333333333333333 | games=2 | roles=2 | leaders=1 | thinkers=0 | balanced=2
[2025-11-30 21:23:56] Excluding team from candidate list: B
[2025-11-30 21:24:17] Loaded 4 participant accounts from file.
[2025-11-30 21:24:17] Survey completed and saved for participant: Test User | Game=Valorant | Role=Attacker | Score=84 | Type=Leader
[2025-11-30 21:24:17] Loaded 4 participant accounts from file.
[2025-11-30 21:24:17] Survey skipped (already completed) for participant: Existing User
[2025-11-30 21:55:46] Loaded 4 participant accounts from file.
[2025-11-30 21:55:46] Organizer login FAILED for username=admin
[2025-11-30 21:55:46] Loaded 4 participant accounts from file.
[2025-11-30 21:55:46] Participant signup success: username=john, id=P101, email=user101@university.edu
[2025-11-30 21:55:46] Loaded 4 participant accounts from file.
[2025-11-30 21:55:46] Organizer login success for username=admin
[2025-11-30 21:55:46] Loaded 4 participant accounts from file.
[2025-11-30 21:55:46] Loaded 4 participant accounts from file.
[2025-11-30 21:55:46] Participant signup success: username=john, id=P101, email=user101@university.edu
[2025-11-30 21:55:46] All participant accounts saved to file (with IDs and survey data).
[2025-11-30 21:55:46] Loaded 4 participant accounts from file.
[2025-11-30 21:55:46] Participant signup success: username=john, id=P101, email=user101@university.edu
[2025-11-30 21:55:46] Participant login success: username=john
[2025-11-30 21:55:46] Loaded 4 participant accounts from file.
[2025-11-30 21:55:46] Participant signup success: username=john, id=P101, email=user101@university.edu
[2025-11-30 21:55:46] Participant login FAILED for username=john
[2025-11-30 21:55:46] Loaded 4 participant accounts from file.
[2025-11-30 21:55:52] CSV load finished with 2 participants from C:\Users\thiru\AppData\Local\Temp\participants_test11951943118454647571.csv
[2025-11-30 21:55:52] Teams saved to CSV: src\teammate\TeamMembers\teams_20251130_215552.csv (teams=1)
[2025-11-30 21:57:03] Loaded 4 participant accounts from file.
[2025-11-30 21:57:03] Survey completed and saved for participant: Test User | Game=Valorant | Role=Attacker | Score=84 | Type=Leader
[2025-11-30 21:57:03] Loaded 4 participant accounts from file.
[2025-11-30 21:57:03] Survey skipped (already completed) for participant: Existing User
[2025-11-30 21:58:25] TeamBuilder: building teams. participants=8, teamSize=4
[2025-11-30 21:58:25] TeamBuilder: global average skill=5.0
[2025-11-30 21:58:25] TeamBuilder: no small teams to fix (minSize=3).
[2025-11-30 21:58:25] TeamBuilder: created 2 teams.
[2025-11-30 21:58:25] Team summary: Team 1 | size=4 | avgSkill=5.0 | games=2 | roles=1 | leaders=0 | thinkers=0 | balanced=4
[2025-11-30 21:58:25] Team summary: Team 2 | size=4 | avgSkill=5.0 | games=2 | roles=1 | leaders=0 | thinkers=0 | balanced=4
[2025-11-30 21:58:25] TeamBuilder: building teams. participants=6, teamSize=3
[2025-11-30 21:58:25] TeamBuilder: global average skill=5.5
[2025-11-30 21:58:25] TeamBuilder: no small teams to fix (minSize=3).
[2025-11-30 21:58:25] TeamBuilder: created 2 teams.
[2025-11-30 21:58:25] Team summary: Team 1 | size=3 | avgSkill=4.666666666666667 | games=1 | roles=2 | leaders=0 | thinkers=0 | balanced=3
[2025-11-30 21:58:25] Team summary: Team 2 | size=3 | avgSkill=6.333333333333333 | games=1 | roles=3 | leaders=0 | thinkers=0 | balanced=3
[2025-11-30 21:58:25] TeamBuilder: building teams. participants=5, teamSize=4
[2025-11-30 21:58:25] TeamBuilder: global average skill=5.6
[2025-11-30 21:58:25] Small team detected: Team 1 | size=2
[2025-11-30 21:58:25] TeamBuilder: fixing small teams (<3). Small teams=1
[2025-11-30 21:58:25] Redistributing members from small team: Team 1
[2025-11-30 21:58:25] Excluding team from candidate list: Team 1
[2025-11-30 21:58:26] Moving participant C from Team 1 to Team 2
[2025-11-30 21:58:26] Excluding team from candidate list: Team 1
[2025-11-30 21:58:26] Moving participant D from Team 1 to Team 2
[2025-11-30 21:58:26] TeamBuilder: after fixing, totalTeams=1
[2025-11-30 21:58:26] TeamBuilder: created 1 teams.
[2025-11-30 21:58:26] Team summary: Team 2 | size=5 | avgSkill=5.6 | games=1 | roles=4 | leaders=0 | thinkers=0 | balanced=5
[2025-11-30 21:58:26] TeamBuilder: building teams. participants=5, teamSize=3
[2025-11-30 21:58:26] TeamBuilder: global average skill=5.0
[2025-11-30 21:58:26] Small team detected: Team 2 | size=2
[2025-11-30 21:58:26] TeamBuilder: fixing small teams (<3). Small teams=1
[2025-11-30 21:58:26] Redistributing members from small team: Team 2
[2025-11-30 21:58:26] Excluding team from candidate list: Team 2
[2025-11-30 21:58:26] Moving participant P4 from Team 2 to Team 1
[2025-11-30 21:58:26] Excluding team from candidate list: Team 2
[2025-11-30 21:58:26] Moving participant P2 from Team 2 to Team 1
[2025-11-30 21:58:26] TeamBuilder: after fixing, totalTeams=1
[2025-11-30 21:58:26] TeamBuilder: created 1 teams.
[2025-11-30 21:58:26] Team summary: Team 1 | size=5 | avgSkill=5.0 | games=1 | roles=1 | leaders=0 | thinkers=0 | balanced=5
[2025-11-30 21:58:26] TeamBuilder: no participants available to build teams.
[2025-11-30 21:58:26] TeamBuilder: building teams. participants=8, teamSize=4
[2025-11-30 21:58:26] TeamBuilder: global average skill=5.0
[2025-11-30 21:58:26] TeamBuilder: no small teams to fix (minSize=3).
[2025-11-30 21:58:26] TeamBuilder: created 2 teams.
[2025-11-30 21:58:26] Team summary: Team 1 | size=4 | avgSkill=5.0 | games=1 | roles=1 | leaders=0 | thinkers=2 | balanced=2
[2025-11-30 21:58:26] Team summary: Team 2 | size=4 | avgSkill=5.0 | games=1 | roles=1 | leaders=0 | thinkers=4 | balanced=0
[2025-11-30 21:58:26] TeamBuilder: building teams. participants=8, teamSize=4
[2025-11-30 21:58:26] TeamBuilder: global average skill=6.0
[2025-11-30 21:58:26] TeamBuilder: no small teams to fix (minSize=3).
[2025-11-30 21:58:26] TeamBuilder: created 2 teams.
[2025-11-30 21:58:26] Team summary: Team 1 | size=4 | avgSkill=6.0 | games=1 | roles=1 | leaders=2 | thinkers=0 | balanced=2
[2025-11-30 21:58:26] Team summary: Team 2 | size=4 | avgSkill=6.0 | games=1 | roles=1 | leaders=2 | thinkers=0 | balanced=2
[2025-11-30 21:58:26] TeamBuilder: building teams. participants=10, teamSize=4
[2025-11-30 21:58:26] TeamBuilder: global average skill=5.5
[2025-11-30 21:58:26] TeamBuilder: no small teams to fix (minSize=3).
[2025-11-30 21:58:26] TeamBuilder: created 3 teams.
[2025-11-30 21:58:26] Team summary: Team 1 | size=3 | avgSkill=5.333333333333333 | games=2 | roles=2 | leaders=1 | thinkers=0 | balanced=2
[2025-11-30 21:58:26] Team summary: Team 2 | size=3 | avgSkill=5.666666666666667 | games=2 | roles=2 | leaders=0 | thinkers=0 | balanced=3
[2025-11-30 21:58:26] Team summary: Team 3 | size=4 | avgSkill=5.5 | games=2 | roles=2 | leaders=1 | thinkers=0 | balanced=3
[2025-11-30 21:58:26] Excluding team from candidate list: B
